[15:31:10] ============================================================
[15:31:10]   Step 2: Train SpatialLLaVA (LLaVA + LoRA + Head)
[15:31:10]   Config: {
  "epochs": 10,
  "batch_size": 8,
  "lr": 0.0002,
  "lora_rank": 16,
  "weight_decay": 0.0,
  "max_length": 600,
  "seed": 42,
  "use_lora": true,
  "model": "llava-hf/llava-1.5-7b-hf"
}
[15:31:10] ============================================================
[15:31:10] [1/5] Loading model ...
[15:31:10]   Using pre-loaded model, skipping load.
[15:31:10] [2/5] Loading data ...
[15:31:13] [3/5] Setting up optimizer ...
[15:31:13] [4/5] Training for 10 epochs ...
[15:31:13] 
========================================
[15:31:13]   Epoch 1/10
[15:31:13] ========================================
[15:34:22]   Epoch 1 | step 200/2500 | loss=1.0886 | 188.8s
    Epoch   [█░░░░░░░░░░░░░░░░░░░]   8.0%  ETA: 36.2min
    Overall [░░░░░░░░░░░░░░░░░░░░]   0.8%  ETA: 390.2min
[15:37:29]   Epoch 1 | step 400/2500 | loss=0.9573 | 376.2s
    Epoch   [███░░░░░░░░░░░░░░░░░]  16.0%  ETA: 32.9min
    Overall [░░░░░░░░░░░░░░░░░░░░]   1.6%  ETA: 385.6min
[15:40:38]   Epoch 1 | step 600/2500 | loss=1.0081 | 564.4s
    Epoch   [████░░░░░░░░░░░░░░░░]  24.0%  ETA: 29.8min
    Overall [░░░░░░░░░░░░░░░░░░░░]   2.4%  ETA: 382.5min
[15:43:46]   Epoch 1 | step 800/2500 | loss=0.9081 | 753.2s
    Epoch   [██████░░░░░░░░░░░░░░]  32.0%  ETA: 26.7min
    Overall [░░░░░░░░░░░░░░░░░░░░]   3.2%  ETA: 379.7min
[15:46:55]   Epoch 1 | step 1000/2500 | loss=1.0074 | 942.0s
    Epoch   [████████░░░░░░░░░░░░]  40.0%  ETA: 23.5min
    Overall [░░░░░░░░░░░░░░░░░░░░]   4.0%  ETA: 376.8min
[15:50:05]   Epoch 1 | step 1200/2500 | loss=0.8307 | 1131.5s
    Epoch   [█████████░░░░░░░░░░░]  48.0%  ETA: 20.4min
    Overall [░░░░░░░░░░░░░░░░░░░░]   4.8%  ETA: 374.0min
[15:53:14]   Epoch 1 | step 1400/2500 | loss=1.1043 | 1321.0s
    Epoch   [███████████░░░░░░░░░]  56.0%  ETA: 17.3min
    Overall [█░░░░░░░░░░░░░░░░░░░]   5.6%  ETA: 371.1min
[15:56:24]   Epoch 1 | step 1600/2500 | loss=1.1465 | 1510.3s
    Epoch   [████████████░░░░░░░░]  64.0%  ETA: 14.2min
    Overall [█░░░░░░░░░░░░░░░░░░░]   6.4%  ETA: 368.1min
[15:59:33]   Epoch 1 | step 1800/2500 | loss=1.0221 | 1699.5s
    Epoch   [██████████████░░░░░░]  72.0%  ETA: 11.0min
    Overall [█░░░░░░░░░░░░░░░░░░░]   7.2%  ETA: 365.1min
[16:02:42]   Epoch 1 | step 2000/2500 | loss=0.8948 | 1889.1s
    Epoch   [████████████████░░░░]  80.0%  ETA: 7.9min
    Overall [█░░░░░░░░░░░░░░░░░░░]   8.0%  ETA: 362.1min
[16:05:52]   Epoch 1 | step 2200/2500 | loss=1.0072 | 2078.5s
    Epoch   [█████████████████░░░]  88.0%  ETA: 4.7min
    Overall [█░░░░░░░░░░░░░░░░░░░]   8.8%  ETA: 359.0min
[16:09:01]   Epoch 1 | step 2400/2500 | loss=0.8923 | 2268.3s
    Epoch   [███████████████████░]  96.0%  ETA: 1.6min
    Overall [█░░░░░░░░░░░░░░░░░░░]   9.6%  ETA: 356.0min
[16:10:37]   [Train] loss=1.0197  IoU=0.2535
[16:11:32]   [Val] epoch=1  loss=0.9254  IoU=0.3006  RMSE=0.2033  MAE=0.1609
[16:11:32]   LR → 1.95e-04
[16:11:33] 
========================================
[16:11:33]   Epoch 2/10
[16:11:33] ========================================
[16:14:42]   Epoch 2 | step 200/2500 | loss=0.8438 | 189.4s
    Epoch   [█░░░░░░░░░░░░░░░░░░░]   8.0%  ETA: 36.3min
    Overall [██░░░░░░░░░░░░░░░░░░]  10.8%  ETA: 351.9min
[16:17:51]   Epoch 2 | step 400/2500 | loss=0.7812 | 378.5s
    Epoch   [███░░░░░░░░░░░░░░░░░]  16.0%  ETA: 33.1min
    Overall [██░░░░░░░░░░░░░░░░░░]  11.6%  ETA: 348.6min
[16:21:01]   Epoch 2 | step 600/2500 | loss=0.8493 | 568.1s
    Epoch   [████░░░░░░░░░░░░░░░░]  24.0%  ETA: 30.0min
    Overall [██░░░░░░░░░░░░░░░░░░]  12.4%  ETA: 345.6min
[16:24:10]   Epoch 2 | step 800/2500 | loss=0.8599 | 757.3s
    Epoch   [██████░░░░░░░░░░░░░░]  32.0%  ETA: 26.8min
    Overall [██░░░░░░░░░░░░░░░░░░]  13.2%  ETA: 342.4min
[16:27:20]   Epoch 2 | step 1000/2500 | loss=0.9504 | 947.0s
    Epoch   [████████░░░░░░░░░░░░]  40.0%  ETA: 23.7min
    Overall [██░░░░░░░░░░░░░░░░░░]  14.0%  ETA: 339.3min
[16:30:29]   Epoch 2 | step 1200/2500 | loss=1.0208 | 1136.7s
    Epoch   [█████████░░░░░░░░░░░]  48.0%  ETA: 20.5min
    Overall [██░░░░░░░░░░░░░░░░░░]  14.8%  ETA: 336.3min
[16:33:39]   Epoch 2 | step 1400/2500 | loss=0.7324 | 1326.1s
    Epoch   [███████████░░░░░░░░░]  56.0%  ETA: 17.4min
    Overall [███░░░░░░░░░░░░░░░░░]  15.6%  ETA: 333.1min
[16:36:48]   Epoch 2 | step 1600/2500 | loss=0.8338 | 1515.4s
    Epoch   [████████████░░░░░░░░]  64.0%  ETA: 14.2min
    Overall [███░░░░░░░░░░░░░░░░░]  16.4%  ETA: 329.9min
[16:39:57]   Epoch 2 | step 1800/2500 | loss=0.8029 | 1704.7s
    Epoch   [██████████████░░░░░░]  72.0%  ETA: 11.0min
    Overall [███░░░░░░░░░░░░░░░░░]  17.2%  ETA: 326.7min
[16:43:07]   Epoch 2 | step 2000/2500 | loss=0.7401 | 1894.1s
    Epoch   [████████████████░░░░]  80.0%  ETA: 7.9min
    Overall [███░░░░░░░░░░░░░░░░░]  18.0%  ETA: 323.6min
[16:46:16]   Epoch 2 | step 2200/2500 | loss=0.8208 | 2083.5s
    Epoch   [█████████████████░░░]  88.0%  ETA: 4.7min
    Overall [███░░░░░░░░░░░░░░░░░]  18.8%  ETA: 320.4min
[16:49:25]   Epoch 2 | step 2400/2500 | loss=0.6844 | 2272.8s
    Epoch   [███████████████████░]  96.0%  ETA: 1.6min
    Overall [███░░░░░░░░░░░░░░░░░]  19.6%  ETA: 317.2min
[16:51:00]   [Train] loss=0.9150  IoU=0.3124
[16:51:55]   [Val] epoch=2  loss=0.8887  IoU=0.3308  RMSE=0.2099  MAE=0.1598
[16:51:55]   LR → 1.81e-04
[16:51:56] 
========================================
[16:51:56]   Epoch 3/10
[16:51:56] ========================================
[16:55:05]   Epoch 3 | step 200/2500 | loss=0.7467 | 189.6s
    Epoch   [█░░░░░░░░░░░░░░░░░░░]   8.0%  ETA: 36.3min
    Overall [████░░░░░░░░░░░░░░░░]  20.8%  ETA: 312.8min
[16:58:15]   Epoch 3 | step 400/2500 | loss=0.8199 | 378.8s
    Epoch   [███░░░░░░░░░░░░░░░░░]  16.0%  ETA: 33.1min
    Overall [████░░░░░░░░░░░░░░░░]  21.6%  ETA: 309.4min
[17:01:24]   Epoch 3 | step 600/2500 | loss=0.7601 | 568.4s
    Epoch   [████░░░░░░░░░░░░░░░░]  24.0%  ETA: 30.0min
    Overall [████░░░░░░░░░░░░░░░░]  22.4%  ETA: 306.3min
[17:04:33]   Epoch 3 | step 800/2500 | loss=0.8836 | 757.5s
    Epoch   [██████░░░░░░░░░░░░░░]  32.0%  ETA: 26.8min
    Overall [████░░░░░░░░░░░░░░░░]  23.2%  ETA: 303.0min
[17:07:43]   Epoch 3 | step 1000/2500 | loss=0.7866 | 947.2s
    Epoch   [████████░░░░░░░░░░░░]  40.0%  ETA: 23.7min
    Overall [████░░░░░░░░░░░░░░░░]  24.0%  ETA: 299.9min
[17:10:53]   Epoch 3 | step 1200/2500 | loss=0.8543 | 1137.0s
    Epoch   [█████████░░░░░░░░░░░]  48.0%  ETA: 20.5min
    Overall [████░░░░░░░░░░░░░░░░]  24.8%  ETA: 296.9min
[17:14:02]   Epoch 3 | step 1400/2500 | loss=0.7115 | 1326.4s
    Epoch   [███████████░░░░░░░░░]  56.0%  ETA: 17.4min
    Overall [█████░░░░░░░░░░░░░░░]  25.6%  ETA: 293.7min
[17:17:11]   Epoch 3 | step 1600/2500 | loss=0.6980 | 1515.6s
    Epoch   [████████████░░░░░░░░]  64.0%  ETA: 14.2min
    Overall [█████░░░░░░░░░░░░░░░]  26.4%  ETA: 290.5min
[17:20:21]   Epoch 3 | step 1800/2500 | loss=0.9221 | 1704.9s
    Epoch   [██████████████░░░░░░]  72.0%  ETA: 11.1min
    Overall [█████░░░░░░░░░░░░░░░]  27.2%  ETA: 287.3min
[17:23:30]   Epoch 3 | step 2000/2500 | loss=0.8962 | 1894.0s
    Epoch   [████████████████░░░░]  80.0%  ETA: 7.9min
    Overall [█████░░░░░░░░░░░░░░░]  28.0%  ETA: 284.1min
[17:26:39]   Epoch 3 | step 2200/2500 | loss=0.8608 | 2083.3s
    Epoch   [█████████████████░░░]  88.0%  ETA: 4.7min
    Overall [█████░░░░░░░░░░░░░░░]  28.8%  ETA: 280.9min
[17:29:49]   Epoch 3 | step 2400/2500 | loss=0.9742 | 2272.7s
    Epoch   [███████████████████░]  96.0%  ETA: 1.6min
    Overall [█████░░░░░░░░░░░░░░░]  29.6%  ETA: 277.8min
[17:31:23]   [Train] loss=0.8670  IoU=0.3433
[17:32:18]   [Val] epoch=3  loss=0.8843  IoU=0.3370  RMSE=0.2007  MAE=0.1491
[17:32:18]   LR → 1.59e-04
[17:32:19] 
========================================
[17:32:19]   Epoch 4/10
[17:32:19] ========================================
[17:35:28]   Epoch 4 | step 200/2500 | loss=0.8662 | 189.0s
    Epoch   [█░░░░░░░░░░░░░░░░░░░]   8.0%  ETA: 36.2min
    Overall [██████░░░░░░░░░░░░░░]  30.8%  ETA: 272.5min
[17:38:36]   Epoch 4 | step 400/2500 | loss=1.0194 | 377.9s
    Epoch   [███░░░░░░░░░░░░░░░░░]  16.0%  ETA: 33.1min
    Overall [██████░░░░░░░░░░░░░░]  31.6%  ETA: 269.2min
[17:41:46]   Epoch 4 | step 600/2500 | loss=0.6140 | 567.2s
    Epoch   [████░░░░░░░░░░░░░░░░]  24.0%  ETA: 29.9min
    Overall [██████░░░░░░░░░░░░░░]  32.4%  ETA: 266.3min
[17:44:55]   Epoch 4 | step 800/2500 | loss=0.8611 | 756.3s
    Epoch   [██████░░░░░░░░░░░░░░]  32.0%  ETA: 26.8min
    Overall [██████░░░░░░░░░░░░░░]  33.2%  ETA: 263.1min
[17:48:04]   Epoch 4 | step 1000/2500 | loss=1.1146 | 945.6s
    Epoch   [████████░░░░░░░░░░░░]  40.0%  ETA: 23.6min
    Overall [██████░░░░░░░░░░░░░░]  34.0%  ETA: 260.0min
[17:51:14]   Epoch 4 | step 1200/2500 | loss=0.7008 | 1135.2s
    Epoch   [█████████░░░░░░░░░░░]  48.0%  ETA: 20.5min
    Overall [██████░░░░░░░░░░░░░░]  34.8%  ETA: 257.0min
[17:54:23]   Epoch 4 | step 1400/2500 | loss=1.0411 | 1324.6s
    Epoch   [███████████░░░░░░░░░]  56.0%  ETA: 17.3min
    Overall [███████░░░░░░░░░░░░░]  35.6%  ETA: 253.9min
[17:57:32]   Epoch 4 | step 1600/2500 | loss=0.8744 | 1513.8s
    Epoch   [████████████░░░░░░░░]  64.0%  ETA: 14.2min
    Overall [███████░░░░░░░░░░░░░]  36.4%  ETA: 250.7min
[18:00:42]   Epoch 4 | step 1800/2500 | loss=0.8189 | 1703.3s
    Epoch   [██████████████░░░░░░]  72.0%  ETA: 11.0min
    Overall [███████░░░░░░░░░░░░░]  37.2%  ETA: 247.6min
[18:03:51]   Epoch 4 | step 2000/2500 | loss=0.4949 | 1892.6s
    Epoch   [████████████████░░░░]  80.0%  ETA: 7.9min
    Overall [███████░░░░░░░░░░░░░]  38.0%  ETA: 244.5min
[18:07:00]   Epoch 4 | step 2200/2500 | loss=0.9241 | 2081.8s
    Epoch   [█████████████████░░░]  88.0%  ETA: 4.7min
    Overall [███████░░░░░░░░░░░░░]  38.8%  ETA: 241.3min
[18:10:08]   Epoch 4 | step 2400/2500 | loss=0.8642 | 2269.3s
    Epoch   [███████████████████░]  96.0%  ETA: 1.6min
    Overall [███████░░░░░░░░░░░░░]  39.6%  ETA: 238.0min
[18:11:42]   [Train] loss=0.8263  IoU=0.3701
[18:12:37]   [Val] epoch=4  loss=0.8626  IoU=0.3539  RMSE=0.2022  MAE=0.1485
[18:12:37]   LR → 1.31e-04
[18:12:37] 
========================================
[18:12:37]   Epoch 5/10
[18:12:37] ========================================
[18:15:46]   Epoch 5 | step 200/2500 | loss=0.7663 | 189.0s
    Epoch   [█░░░░░░░░░░░░░░░░░░░]   8.0%  ETA: 36.2min
    Overall [████████░░░░░░░░░░░░]  40.8%  ETA: 233.1min
[18:18:55]   Epoch 5 | step 400/2500 | loss=0.9716 | 378.0s
    Epoch   [███░░░░░░░░░░░░░░░░░]  16.0%  ETA: 33.1min
    Overall [████████░░░░░░░░░░░░]  41.6%  ETA: 229.9min
[18:22:03]   Epoch 5 | step 600/2500 | loss=0.8749 | 565.7s
    Epoch   [████░░░░░░░░░░░░░░░░]  24.0%  ETA: 29.9min
    Overall [████████░░░░░░░░░░░░]  42.4%  ETA: 226.3min
[18:25:11]   Epoch 5 | step 800/2500 | loss=0.6086 | 753.9s
    Epoch   [██████░░░░░░░░░░░░░░]  32.0%  ETA: 26.7min
    Overall [████████░░░░░░░░░░░░]  43.2%  ETA: 223.0min
[18:28:20]   Epoch 5 | step 1000/2500 | loss=0.5795 | 943.0s
    Epoch   [████████░░░░░░░░░░░░]  40.0%  ETA: 23.6min
    Overall [████████░░░░░░░░░░░░]  44.0%  ETA: 220.0min
[18:31:30]   Epoch 5 | step 1200/2500 | loss=0.7907 | 1132.5s
    Epoch   [█████████░░░░░░░░░░░]  48.0%  ETA: 20.4min
    Overall [████████░░░░░░░░░░░░]  44.8%  ETA: 217.1min
[18:34:39]   Epoch 5 | step 1400/2500 | loss=0.8231 | 1321.8s
    Epoch   [███████████░░░░░░░░░]  56.0%  ETA: 17.3min
    Overall [█████████░░░░░░░░░░░]  45.6%  ETA: 214.0min
[18:37:48]   Epoch 5 | step 1600/2500 | loss=0.7064 | 1511.1s
    Epoch   [████████████░░░░░░░░]  64.0%  ETA: 14.2min
    Overall [█████████░░░░░░░░░░░]  46.4%  ETA: 210.9min
[18:40:56]   Epoch 5 | step 1800/2500 | loss=0.8186 | 1698.7s
    Epoch   [██████████████░░░░░░]  72.0%  ETA: 11.0min
    Overall [█████████░░░░░░░░░░░]  47.2%  ETA: 207.6min
[18:44:04]   Epoch 5 | step 2000/2500 | loss=0.8015 | 1886.5s
    Epoch   [████████████████░░░░]  80.0%  ETA: 7.9min
    Overall [█████████░░░░░░░░░░░]  48.0%  ETA: 204.4min
[18:47:13]   Epoch 5 | step 2200/2500 | loss=0.7468 | 2075.3s
    Epoch   [█████████████████░░░]  88.0%  ETA: 4.7min
    Overall [█████████░░░░░░░░░░░]  48.8%  ETA: 201.2min
[18:50:22]   Epoch 5 | step 2400/2500 | loss=0.7544 | 2264.5s
    Epoch   [███████████████████░]  96.0%  ETA: 1.6min
    Overall [█████████░░░░░░░░░░░]  49.6%  ETA: 198.1min
[18:51:56]   [Train] loss=0.7850  IoU=0.3982
[18:52:51]   [Val] epoch=5  loss=0.8646  IoU=0.3478  RMSE=0.1893  MAE=0.1388
[18:52:51]   LR → 1.01e-04
[18:52:52] 
========================================
[18:52:52]   Epoch 6/10
[18:52:52] ========================================
[18:56:01]   Epoch 6 | step 200/2500 | loss=0.5482 | 189.9s
    Epoch   [█░░░░░░░░░░░░░░░░░░░]   8.0%  ETA: 36.4min
    Overall [██████████░░░░░░░░░░]  50.8%  ETA: 194.6min
[18:59:11]   Epoch 6 | step 400/2500 | loss=0.9489 | 379.3s
    Epoch   [███░░░░░░░░░░░░░░░░░]  16.0%  ETA: 33.2min
    Overall [██████████░░░░░░░░░░]  51.6%  ETA: 191.3min
[19:02:20]   Epoch 6 | step 600/2500 | loss=0.6728 | 568.7s
    Epoch   [████░░░░░░░░░░░░░░░░]  24.0%  ETA: 30.0min
    Overall [██████████░░░░░░░░░░]  52.4%  ETA: 188.0min
[19:05:29]   Epoch 6 | step 800/2500 | loss=0.9563 | 757.8s
    Epoch   [██████░░░░░░░░░░░░░░]  32.0%  ETA: 26.8min
    Overall [██████████░░░░░░░░░░]  53.2%  ETA: 184.7min
[19:08:39]   Epoch 6 | step 1000/2500 | loss=0.7304 | 947.2s
    Epoch   [████████░░░░░░░░░░░░]  40.0%  ETA: 23.7min
    Overall [██████████░░░░░░░░░░]  54.0%  ETA: 181.5min
[19:11:48]   Epoch 6 | step 1200/2500 | loss=0.6209 | 1136.6s
    Epoch   [█████████░░░░░░░░░░░]  48.0%  ETA: 20.5min
    Overall [██████████░░░░░░░░░░]  54.8%  ETA: 178.4min
[19:14:57]   Epoch 6 | step 1400/2500 | loss=0.6428 | 1325.7s
    Epoch   [███████████░░░░░░░░░]  56.0%  ETA: 17.4min
    Overall [███████████░░░░░░░░░]  55.6%  ETA: 175.2min
[19:18:06]   Epoch 6 | step 1600/2500 | loss=0.7776 | 1514.9s
    Epoch   [████████████░░░░░░░░]  64.0%  ETA: 14.2min
    Overall [███████████░░░░░░░░░]  56.4%  ETA: 172.0min
[19:21:16]   Epoch 6 | step 1800/2500 | loss=0.8155 | 1704.2s
    Epoch   [██████████████░░░░░░]  72.0%  ETA: 11.0min
    Overall [███████████░░░░░░░░░]  57.2%  ETA: 168.8min
[19:24:25]   Epoch 6 | step 2000/2500 | loss=1.1345 | 1893.3s
    Epoch   [████████████████░░░░]  80.0%  ETA: 7.9min
    Overall [███████████░░░░░░░░░]  58.0%  ETA: 165.7min
[19:27:34]   Epoch 6 | step 2200/2500 | loss=0.9657 | 2082.4s
    Epoch   [█████████████████░░░]  88.0%  ETA: 4.7min
    Overall [███████████░░░░░░░░░]  58.8%  ETA: 162.5min
[19:30:43]   Epoch 6 | step 2400/2500 | loss=0.7144 | 2271.8s
    Epoch   [███████████████████░]  96.0%  ETA: 1.6min
    Overall [███████████░░░░░░░░░]  59.6%  ETA: 159.3min
[19:32:18]   [Train] loss=0.7444  IoU=0.4249
[19:33:13]   [Val] epoch=6  loss=0.8606  IoU=0.3574  RMSE=0.1954  MAE=0.1416
[19:33:13]   LR → 6.98e-05
[19:33:14] 
========================================
[19:33:14]   Epoch 7/10
[19:33:14] ========================================
[19:36:23]   Epoch 7 | step 200/2500 | loss=0.8162 | 189.6s
    Epoch   [█░░░░░░░░░░░░░░░░░░░]   8.0%  ETA: 36.3min
    Overall [████████████░░░░░░░░]  60.8%  ETA: 154.8min
[19:39:33]   Epoch 7 | step 400/2500 | loss=1.0351 | 379.5s
    Epoch   [███░░░░░░░░░░░░░░░░░]  16.0%  ETA: 33.2min
    Overall [████████████░░░░░░░░]  61.6%  ETA: 151.8min
[19:42:43]   Epoch 7 | step 600/2500 | loss=0.8305 | 568.8s
    Epoch   [████░░░░░░░░░░░░░░░░]  24.0%  ETA: 30.0min
    Overall [████████████░░░░░░░░]  62.4%  ETA: 148.5min
[19:45:52]   Epoch 7 | step 800/2500 | loss=0.6344 | 757.9s
    Epoch   [██████░░░░░░░░░░░░░░]  32.0%  ETA: 26.8min
    Overall [████████████░░░░░░░░]  63.2%  ETA: 145.3min
[19:49:01]   Epoch 7 | step 1000/2500 | loss=0.7502 | 947.2s
    Epoch   [████████░░░░░░░░░░░░]  40.0%  ETA: 23.7min
    Overall [████████████░░░░░░░░]  64.0%  ETA: 142.1min
[19:52:10]   Epoch 7 | step 1200/2500 | loss=0.6975 | 1136.5s
    Epoch   [█████████░░░░░░░░░░░]  48.0%  ETA: 20.5min
    Overall [████████████░░░░░░░░]  64.8%  ETA: 138.9min
[19:55:19]   Epoch 7 | step 1400/2500 | loss=0.7286 | 1325.7s
    Epoch   [███████████░░░░░░░░░]  56.0%  ETA: 17.4min
    Overall [█████████████░░░░░░░]  65.6%  ETA: 135.7min
[19:58:29]   Epoch 7 | step 1600/2500 | loss=0.6868 | 1515.1s
    Epoch   [████████████░░░░░░░░]  64.0%  ETA: 14.2min
    Overall [█████████████░░░░░░░]  66.4%  ETA: 132.6min
[20:01:38]   Epoch 7 | step 1800/2500 | loss=0.8667 | 1704.3s
    Epoch   [██████████████░░░░░░]  72.0%  ETA: 11.0min
    Overall [█████████████░░░░░░░]  67.2%  ETA: 129.4min
[20:04:47]   Epoch 7 | step 2000/2500 | loss=0.9014 | 1893.6s
    Epoch   [████████████████░░░░]  80.0%  ETA: 7.9min
    Overall [█████████████░░░░░░░]  68.0%  ETA: 126.2min
[20:07:57]   Epoch 7 | step 2200/2500 | loss=0.6853 | 2082.9s
    Epoch   [█████████████████░░░]  88.0%  ETA: 4.7min
    Overall [█████████████░░░░░░░]  68.8%  ETA: 123.1min
[20:11:06]   Epoch 7 | step 2400/2500 | loss=0.9876 | 2272.3s
    Epoch   [███████████████████░]  96.0%  ETA: 1.6min
    Overall [█████████████░░░░░░░]  69.6%  ETA: 119.9min
[20:12:41]   [Train] loss=0.7015  IoU=0.4555
[20:13:36]   [Val] epoch=7  loss=0.8616  IoU=0.3574  RMSE=0.1878  MAE=0.1339
[20:13:36]   LR → 4.20e-05
[20:13:36] 
========================================
[20:13:36]   Epoch 8/10
[20:13:36] ========================================
[20:16:46]   Epoch 8 | step 200/2500 | loss=0.8111 | 189.7s
    Epoch   [█░░░░░░░░░░░░░░░░░░░]   8.0%  ETA: 36.4min
    Overall [██████████████░░░░░░]  70.8%  ETA: 115.4min
[20:19:56]   Epoch 8 | step 400/2500 | loss=0.6991 | 379.3s
    Epoch   [███░░░░░░░░░░░░░░░░░]  16.0%  ETA: 33.2min
    Overall [██████████████░░░░░░]  71.6%  ETA: 112.2min
[20:23:05]   Epoch 8 | step 600/2500 | loss=0.9493 | 568.6s
    Epoch   [████░░░░░░░░░░░░░░░░]  24.0%  ETA: 30.0min
    Overall [██████████████░░░░░░]  72.4%  ETA: 109.0min
[20:26:14]   Epoch 8 | step 800/2500 | loss=0.7121 | 757.9s
    Epoch   [██████░░░░░░░░░░░░░░]  32.0%  ETA: 26.8min
    Overall [██████████████░░░░░░]  73.2%  ETA: 105.8min
[20:29:24]   Epoch 8 | step 1000/2500 | loss=0.4568 | 947.4s
    Epoch   [████████░░░░░░░░░░░░]  40.0%  ETA: 23.7min
    Overall [██████████████░░░░░░]  74.0%  ETA: 102.6min
[20:32:33]   Epoch 8 | step 1200/2500 | loss=0.8271 | 1136.5s
    Epoch   [█████████░░░░░░░░░░░]  48.0%  ETA: 20.5min
    Overall [██████████████░░░░░░]  74.8%  ETA: 99.4min
[20:35:42]   Epoch 8 | step 1400/2500 | loss=0.6328 | 1325.6s
    Epoch   [███████████░░░░░░░░░]  56.0%  ETA: 17.4min
    Overall [███████████████░░░░░]  75.6%  ETA: 96.3min
[20:38:51]   Epoch 8 | step 1600/2500 | loss=0.5660 | 1515.0s
    Epoch   [████████████░░░░░░░░]  64.0%  ETA: 14.2min
    Overall [███████████████░░░░░]  76.4%  ETA: 93.1min
[20:42:01]   Epoch 8 | step 1800/2500 | loss=0.6616 | 1704.2s
    Epoch   [██████████████░░░░░░]  72.0%  ETA: 11.0min
    Overall [███████████████░░░░░]  77.2%  ETA: 89.9min
[20:45:10]   Epoch 8 | step 2000/2500 | loss=0.4143 | 1893.5s
    Epoch   [████████████████░░░░]  80.0%  ETA: 7.9min
    Overall [███████████████░░░░░]  78.0%  ETA: 86.8min
[20:48:19]   Epoch 8 | step 2200/2500 | loss=0.7011 | 2083.0s
    Epoch   [█████████████████░░░]  88.0%  ETA: 4.7min
    Overall [███████████████░░░░░]  78.8%  ETA: 83.6min
[20:51:28]   Epoch 8 | step 2400/2500 | loss=0.6113 | 2272.0s
    Epoch   [███████████████████░]  96.0%  ETA: 1.6min
    Overall [███████████████░░░░░]  79.6%  ETA: 80.5min
[20:53:03]   [Train] loss=0.6702  IoU=0.4774
[20:53:58]   [Val] epoch=8  loss=0.8653  IoU=0.3569  RMSE=0.1901  MAE=0.1345
[20:53:58]   LR → 2.00e-05
[20:53:58] 
========================================
[20:53:58]   Epoch 9/10
[20:53:58] ========================================
[20:57:08]   Epoch 9 | step 200/2500 | loss=0.8661 | 189.5s
    Epoch   [█░░░░░░░░░░░░░░░░░░░]   8.0%  ETA: 36.3min
    Overall [████████████████░░░░]  80.8%  ETA: 75.8min
[21:00:17]   Epoch 9 | step 400/2500 | loss=0.4170 | 378.8s
    Epoch   [███░░░░░░░░░░░░░░░░░]  16.0%  ETA: 33.1min
    Overall [████████████████░░░░]  81.6%  ETA: 72.6min
[21:03:26]   Epoch 9 | step 600/2500 | loss=0.6741 | 567.9s
    Epoch   [████░░░░░░░░░░░░░░░░]  24.0%  ETA: 30.0min
    Overall [████████████████░░░░]  82.4%  ETA: 69.4min
[21:06:35]   Epoch 9 | step 800/2500 | loss=0.7940 | 757.0s
    Epoch   [██████░░░░░░░░░░░░░░]  32.0%  ETA: 26.8min
    Overall [████████████████░░░░]  83.2%  ETA: 66.2min
[21:09:45]   Epoch 9 | step 1000/2500 | loss=0.8975 | 946.3s
    Epoch   [████████░░░░░░░░░░░░]  40.0%  ETA: 23.7min
    Overall [████████████████░░░░]  84.0%  ETA: 63.1min
[21:12:54]   Epoch 9 | step 1200/2500 | loss=0.3891 | 1135.4s
    Epoch   [█████████░░░░░░░░░░░]  48.0%  ETA: 20.5min
    Overall [████████████████░░░░]  84.8%  ETA: 59.9min
[21:16:03]   Epoch 9 | step 1400/2500 | loss=0.6465 | 1324.8s
    Epoch   [███████████░░░░░░░░░]  56.0%  ETA: 17.3min
    Overall [█████████████████░░░]  85.6%  ETA: 56.8min
[21:19:13]   Epoch 9 | step 1600/2500 | loss=0.7035 | 1514.4s
    Epoch   [████████████░░░░░░░░]  64.0%  ETA: 14.2min
    Overall [█████████████████░░░]  86.4%  ETA: 53.6min
[21:22:22]   Epoch 9 | step 1800/2500 | loss=0.9127 | 1703.7s
    Epoch   [██████████████░░░░░░]  72.0%  ETA: 11.0min
    Overall [█████████████████░░░]  87.2%  ETA: 50.5min
[21:25:32]   Epoch 9 | step 2000/2500 | loss=0.5499 | 1893.1s
    Epoch   [████████████████░░░░]  80.0%  ETA: 7.9min
    Overall [█████████████████░░░]  88.0%  ETA: 47.3min
[21:28:41]   Epoch 9 | step 2200/2500 | loss=0.7648 | 2082.8s
    Epoch   [█████████████████░░░]  88.0%  ETA: 4.7min
    Overall [█████████████████░░░]  88.8%  ETA: 44.2min
[21:31:51]   Epoch 9 | step 2400/2500 | loss=0.8166 | 2272.3s
    Epoch   [███████████████████░]  96.0%  ETA: 1.6min
    Overall [█████████████████░░░]  89.6%  ETA: 41.0min
[21:33:26]   [Train] loss=0.6516  IoU=0.4912
[21:34:21]   [Val] epoch=9  loss=0.8676  IoU=0.3561  RMSE=0.1873  MAE=0.1323
[21:34:21]   LR → 5.87e-06
[21:34:21] 
========================================
[21:34:21]   Epoch 10/10
[21:34:21] ========================================
[21:37:30]   Epoch 10 | step 200/2500 | loss=0.7629 | 189.2s
    Epoch   [█░░░░░░░░░░░░░░░░░░░]   8.0%  ETA: 36.3min
    Overall [██████████████████░░]  90.8%  ETA: 36.3min
[21:40:39]   Epoch 10 | step 400/2500 | loss=0.6875 | 378.4s
    Epoch   [███░░░░░░░░░░░░░░░░░]  16.0%  ETA: 33.1min
    Overall [██████████████████░░]  91.6%  ETA: 33.1min
[21:43:49]   Epoch 10 | step 600/2500 | loss=0.6648 | 567.5s
    Epoch   [████░░░░░░░░░░░░░░░░]  24.0%  ETA: 30.0min
    Overall [██████████████████░░]  92.4%  ETA: 30.0min
[21:46:58]   Epoch 10 | step 800/2500 | loss=0.7246 | 756.7s
    Epoch   [██████░░░░░░░░░░░░░░]  32.0%  ETA: 26.8min
    Overall [██████████████████░░]  93.2%  ETA: 26.8min
[21:50:07]   Epoch 10 | step 1000/2500 | loss=0.8178 | 946.2s
    Epoch   [████████░░░░░░░░░░░░]  40.0%  ETA: 23.7min
    Overall [██████████████████░░]  94.0%  ETA: 23.7min
[21:53:17]   Epoch 10 | step 1200/2500 | loss=0.6115 | 1135.6s
    Epoch   [█████████░░░░░░░░░░░]  48.0%  ETA: 20.5min
    Overall [██████████████████░░]  94.8%  ETA: 20.5min
[21:56:26]   Epoch 10 | step 1400/2500 | loss=0.7875 | 1325.0s
    Epoch   [███████████░░░░░░░░░]  56.0%  ETA: 17.4min
    Overall [███████████████████░]  95.6%  ETA: 17.4min
[21:59:36]   Epoch 10 | step 1600/2500 | loss=0.5648 | 1514.5s
    Epoch   [████████████░░░░░░░░]  64.0%  ETA: 14.2min
    Overall [███████████████████░]  96.4%  ETA: 14.2min
[22:02:45]   Epoch 10 | step 1800/2500 | loss=0.4355 | 1703.9s
    Epoch   [██████████████░░░░░░]  72.0%  ETA: 11.0min
    Overall [███████████████████░]  97.2%  ETA: 11.0min
[22:05:54]   Epoch 10 | step 2000/2500 | loss=0.5372 | 1893.3s
    Epoch   [████████████████░░░░]  80.0%  ETA: 7.9min
    Overall [███████████████████░]  98.0%  ETA: 7.9min
[22:09:04]   Epoch 10 | step 2200/2500 | loss=0.5650 | 2082.8s
    Epoch   [█████████████████░░░]  88.0%  ETA: 4.7min
    Overall [███████████████████░]  98.8%  ETA: 4.7min
[22:12:13]   Epoch 10 | step 2400/2500 | loss=0.7268 | 2272.2s
    Epoch   [███████████████████░]  96.0%  ETA: 1.6min
    Overall [███████████████████░]  99.6%  ETA: 1.6min
[22:13:48]   [Train] loss=0.6442  IoU=0.4966
[22:14:43]   [Val] epoch=10  loss=0.8671  IoU=0.3565  RMSE=0.1863  MAE=0.1315
[22:14:43]   LR → 1.00e-06
[22:14:44] 
[5/5] Saving results ...
[22:14:44]   Saved metrics → /tmp/SPATIAL-LLAVA/results/main/metrics.json
[22:14:44]   Saved predictions → /tmp/SPATIAL-LLAVA/results/main/predictions.json
[22:14:45]   Saved 20 example PNGs → /tmp/SPATIAL-LLAVA/results/main/examples
[22:14:45] 
✅ Step 2 complete!
[22:14:45]   Best val IoU  : 0.3574
[22:14:45]   Checkpoint    : /tmp/SPATIAL-LLAVA/checkpoints/main/best.pth
[22:14:45]   Results       : /tmp/SPATIAL-LLAVA/results/main
