[11:46:23] ============================================================
[11:46:23]   Step 2: Train SpatialLLaVA (LLaVA + LoRA + Head)
[11:46:23]   Config: {
  "epochs": 5,
  "batch_size": 8,
  "lr": 0.0002,
  "lora_rank": 16,
  "weight_decay": 0.0,
  "max_length": 600,
  "seed": 42,
  "use_lora": true,
  "model": "llava-hf/llava-1.5-7b-hf"
}
[11:46:23] ============================================================
[11:46:23] [1/5] Loading model ...
[11:46:23]   Using pre-loaded model, skipping load.
[11:46:23] [2/5] Loading data ...
[11:46:27] [3/5] Setting up optimizer ...
[11:46:27] [4/5] Training for 5 epochs ...
[11:46:27] 
========================================
[11:46:27]   Epoch 1/5
[11:46:27] ========================================
[11:47:35]   Epoch 1 | step 50/250 | loss=1.4635 | 68.0s
[11:48:40]   Epoch 1 | step 100/250 | loss=1.0326 | 133.6s
[11:49:46]   Epoch 1 | step 150/250 | loss=1.0220 | 199.5s
[11:50:52]   Epoch 1 | step 200/250 | loss=0.9797 | 265.5s
[11:51:59]   Epoch 1 | step 250/250 | loss=1.0390 | 332.1s
[11:51:59]   [Train] loss=1.1658  IoU=0.2004
[11:52:16]   [Val] epoch=1  loss=1.0339  IoU=0.2520  RMSE=0.2787  MAE=0.2318
[11:52:16]   LR → 1.81e-04
[11:52:16] 
========================================
[11:52:16]   Epoch 2/5
[11:52:16] ========================================
[11:53:23]   Epoch 2 | step 50/250 | loss=1.0340 | 66.6s
[11:54:29]   Epoch 2 | step 100/250 | loss=1.0900 | 132.8s
[11:55:35]   Epoch 2 | step 150/250 | loss=1.0474 | 199.0s
