[07:34:54] ============================================================
[07:34:54]   Step 4: Final Evaluation — All Three Models
[07:34:54]   Device: cuda
[07:34:54] ============================================================
[07:34:54] 
============================================================
[07:34:54]   [1/3] Baseline: Standard LLaVA + regex
[07:34:54] ============================================================
[07:35:02]   Test samples: 1,975
[07:35:54]   [200/1975] parse=100.0% elapsed=0.9min
[07:36:42]   [400/1975] parse=100.0% elapsed=1.7min
[07:37:26]   [600/1975] parse=100.0% elapsed=2.4min
[07:38:10]   [800/1975] parse=100.0% elapsed=3.1min
[07:38:52]   [1000/1975] parse=100.0% elapsed=3.8min
[07:39:34]   [1200/1975] parse=100.0% elapsed=4.5min
[07:40:17]   [1400/1975] parse=100.0% elapsed=5.2min
[07:40:58]   [1600/1975] parse=100.0% elapsed=5.9min
[07:41:39]   [1800/1975] parse=100.0% elapsed=6.6min
[07:42:18]   [1975/1975] parse=100.0% elapsed=7.3min
[07:42:18]   IoU=0.0971  parse=100.0%
[07:42:18] 
============================================================
[07:42:18]   Evaluating: Ablation (Frozen + Head)
[07:42:18] ============================================================
[07:42:38]   Loading: /tmp/SPATIAL-LLAVA/checkpoints/ablation/best.pth
[07:42:38]   Loaded epoch=9
[07:42:38]   Test samples: 1,975
[07:43:00]   [400/1975] (20.3%) elapsed=0.4min
[07:43:21]   [800/1975] (40.5%) elapsed=0.7min
[07:43:41]   [1200/1975] (60.8%) elapsed=1.1min
[07:44:02]   [1600/1975] (81.0%) elapsed=1.4min
[07:44:22]   [1975/1975] (100.0%) elapsed=1.7min
[07:44:22]   IoU=0.2843  RMSE=0.2238  MAE=0.1769
[07:44:22] 
============================================================
[07:44:22]   Evaluating: Main (LoRA + Head)
[07:44:22] ============================================================
[07:44:47]   Loading: /tmp/SPATIAL-LLAVA/checkpoints/main/best.pth
[07:44:47]   Loaded epoch=6
[07:44:47]   Test samples: 1,975
[07:45:09]   [400/1975] (20.3%) elapsed=0.4min
[07:45:31]   [800/1975] (40.5%) elapsed=0.7min
[07:45:52]   [1200/1975] (60.8%) elapsed=1.1min
[07:46:14]   [1600/1975] (81.0%) elapsed=1.4min
[07:46:34]   [1975/1975] (100.0%) elapsed=1.8min
[07:46:34]   IoU=0.3861  RMSE=0.1719  MAE=0.1194
[07:46:34] 
============================================================
[07:46:34]   FINAL RESULTS (RefCOCO Test Split)
[07:46:34] ============================================================
[07:46:34]   Baseline  IoU: 0.0971
[07:46:34]   Ablation  IoU: 0.2843  (+192.7%)
[07:46:34]   Main      IoU: 0.3861  (+297.5%)
[07:46:34]   Saved → /tmp/SPATIAL-LLAVA/results/evaluation
[07:46:34] ============================================================
[07:46:34] 
✅ Step 4 complete!
