[13:01:03] ============================================================
[13:01:03]   Step 2: Train SpatialLLaVA (LLaVA + LoRA + Head)
[13:01:03]   Config: {
  "epochs": 5,
  "batch_size": 16,
  "lr": 2e-05,
  "lora_rank": 16,
  "weight_decay": 0.0,
  "max_length": 600,
  "seed": 42,
  "use_lora": true,
  "model": "llava-hf/llava-1.5-7b-hf"
}
[13:01:03] ============================================================
[13:01:03] [1/5] Loading model ...
[13:01:03]   Using pre-loaded model, skipping load.
[13:01:03] [2/5] Loading data ...
[13:01:06] [3/5] Setting up optimizer ...
[13:01:06] [4/5] Training for 5 epochs ...
[13:01:06] 
========================================
[13:01:06]   Epoch 1/5
[13:01:06] ========================================
[13:03:14]   Epoch 1 | step 50/125 | loss=1.3143 | 128.4s
    Epoch   [████████░░░░░░░░░░░░]  40.0%  ETA: 3.2min
    Overall [█░░░░░░░░░░░░░░░░░░░]   8.0%  ETA: 24.6min
[13:05:21]   Epoch 1 | step 100/125 | loss=1.1496 | 255.1s
    Epoch   [████████████████░░░░]  80.0%  ETA: 1.1min
    Overall [███░░░░░░░░░░░░░░░░░]  16.0%  ETA: 22.3min
[13:06:25]   [Train] loss=1.3470  IoU=0.1292
[13:06:41]   [Val] epoch=1  loss=1.1541  IoU=0.2018  RMSE=0.3177  MAE=0.2651
[13:06:41]   LR → 1.82e-05
[13:06:42] 
========================================
[13:06:42]   Epoch 2/5
[13:06:42] ========================================
[13:08:49]   Epoch 2 | step 50/125 | loss=1.1285 | 127.6s
    Epoch   [████████░░░░░░░░░░░░]  40.0%  ETA: 3.2min
    Overall [█████░░░░░░░░░░░░░░░]  28.0%  ETA: 19.1min
[13:10:57]   Epoch 2 | step 100/125 | loss=1.0564 | 254.9s
    Epoch   [████████████████░░░░]  80.0%  ETA: 1.1min
    Overall [███████░░░░░░░░░░░░░]  36.0%  ETA: 17.0min
[13:12:01]   [Train] loss=1.1500  IoU=0.2021
[13:12:17]   [Val] epoch=2  loss=1.1015  IoU=0.2208  RMSE=0.2814  MAE=0.2341
[13:12:17]   LR → 1.34e-05
[13:12:18] 
========================================
[13:12:18]   Epoch 3/5
[13:12:18] ========================================
[13:14:25]   Epoch 3 | step 50/125 | loss=1.1750 | 127.9s
    Epoch   [████████░░░░░░░░░░░░]  40.0%  ETA: 3.2min
    Overall [█████████░░░░░░░░░░░]  48.0%  ETA: 13.9min
[13:16:33]   Epoch 3 | step 100/125 | loss=1.1302 | 255.6s
    Epoch   [████████████████░░░░]  80.0%  ETA: 1.1min
    Overall [███████████░░░░░░░░░]  56.0%  ETA: 11.7min
[13:17:37]   [Train] loss=1.0823  IoU=0.2296
[13:17:53]   [Val] epoch=3  loss=1.0682  IoU=0.2369  RMSE=0.2743  MAE=0.2275
[13:17:53]   LR → 7.56e-06
[13:17:54] 
========================================
[13:17:54]   Epoch 4/5
[13:17:54] ========================================
[13:20:01]   Epoch 4 | step 50/125 | loss=1.0424 | 127.4s
    Epoch   [████████░░░░░░░░░░░░]  40.0%  ETA: 3.2min
    Overall [█████████████░░░░░░░]  68.0%  ETA: 8.5min
[13:22:09]   Epoch 4 | step 100/125 | loss=0.9402 | 254.5s
    Epoch   [████████████████░░░░]  80.0%  ETA: 1.1min
    Overall [███████████████░░░░░]  76.0%  ETA: 6.4min
[13:23:12]   [Train] loss=1.0538  IoU=0.2417
[13:23:29]   [Val] epoch=4  loss=1.0539  IoU=0.2428  RMSE=0.2705  MAE=0.2236
[13:23:29]   LR → 2.81e-06
[13:23:29] 
========================================
[13:23:29]   Epoch 5/5
[13:23:29] ========================================
[13:25:37]   Epoch 5 | step 50/125 | loss=0.9871 | 127.9s
    Epoch   [████████░░░░░░░░░░░░]  40.0%  ETA: 3.2min
    Overall [█████████████████░░░]  88.0%  ETA: 3.2min
[13:27:45]   Epoch 5 | step 100/125 | loss=1.0241 | 255.4s
    Epoch   [████████████████░░░░]  80.0%  ETA: 1.1min
    Overall [███████████████████░]  96.0%  ETA: 1.1min
[13:28:49]   [Train] loss=1.0373  IoU=0.2491
[13:29:05]   [Val] epoch=5  loss=1.0464  IoU=0.2464  RMSE=0.2624  MAE=0.2164
[13:29:05]   LR → 1.00e-06
[13:29:06] 
[5/5] Saving results ...
[13:29:06]   Saved metrics → /tmp/SPATIAL-LLAVA/results/main/metrics.json
[13:29:06]   Saved predictions → /tmp/SPATIAL-LLAVA/results/main/predictions.json
[13:29:06]   Saved 0 example PNGs → /tmp/SPATIAL-LLAVA/results/main/examples
[13:29:06] 
✅ Step 2 complete!
[13:29:06]   Best val IoU  : 0.2464
[13:29:06]   Checkpoint    : /tmp/SPATIAL-LLAVA/checkpoints/main/best.pth
[13:29:06]   Results       : /tmp/SPATIAL-LLAVA/results/main
