[12:04:01] ============================================================
[12:04:01]   Step 2: Train SpatialLLaVA (LLaVA + LoRA + Head)
[12:04:01]   Config: {
  "epochs": 5,
  "batch_size": 16,
  "lr": 0.0002,
  "lora_rank": 16,
  "weight_decay": 0.0,
  "max_length": 600,
  "seed": 42,
  "use_lora": true,
  "model": "llava-hf/llava-1.5-7b-hf"
}
[12:04:01] ============================================================
[12:04:01] [1/5] Loading model ...
[12:04:01]   Using pre-loaded model, skipping load.
[12:04:01] [2/5] Loading data ...
[12:04:05] [3/5] Setting up optimizer ...
[12:04:05] [4/5] Training for 5 epochs ...
[12:04:05] 
========================================
[12:04:05]   Epoch 1/5
[12:04:05] ========================================
[12:06:15]   Epoch 1 | step 50/125 | loss=1.2054 | 129.8s
    Epoch   [████████░░░░░░░░░░░░]  40.0%  ETA: 3.2min
    Overall [█░░░░░░░░░░░░░░░░░░░]   8.0%  ETA: 24.9min
[12:08:20]   Epoch 1 | step 100/125 | loss=1.0184 | 255.3s
    Epoch   [████████████████░░░░]  80.0%  ETA: 1.1min
    Overall [███░░░░░░░░░░░░░░░░░]  16.0%  ETA: 22.3min
[12:09:23]   [Train] loss=1.2353  IoU=0.1752
[12:09:40]   [Val] epoch=1  loss=1.0444  IoU=0.2451  RMSE=0.2480  MAE=0.2068
[12:09:40]   LR → 1.81e-04
[12:09:40] 
========================================
[12:09:40]   Epoch 2/5
[12:09:40] ========================================
[12:11:47]   Epoch 2 | step 50/125 | loss=1.0492 | 127.3s
    Epoch   [████████░░░░░░░░░░░░]  40.0%  ETA: 3.2min
    Overall [█████░░░░░░░░░░░░░░░]  28.0%  ETA: 19.1min
[12:13:54]   Epoch 2 | step 100/125 | loss=1.0065 | 254.2s
    Epoch   [████████████████░░░░]  80.0%  ETA: 1.1min
    Overall [███████░░░░░░░░░░░░░]  36.0%  ETA: 16.9min
[12:14:58]   [Train] loss=1.0566  IoU=0.2376
[12:15:14]   [Val] epoch=2  loss=1.0227  IoU=0.2558  RMSE=0.2505  MAE=0.2078
[12:15:14]   LR → 1.31e-04
[12:15:15] 
========================================
[12:15:15]   Epoch 3/5
[12:15:15] ========================================
[12:17:23]   Epoch 3 | step 50/125 | loss=1.1711 | 127.9s
    Epoch   [████████░░░░░░░░░░░░]  40.0%  ETA: 3.2min
    Overall [█████████░░░░░░░░░░░]  48.0%  ETA: 13.9min
[12:19:30]   Epoch 3 | step 100/125 | loss=1.1495 | 255.4s
    Epoch   [████████████████░░░░]  80.0%  ETA: 1.1min
    Overall [███████████░░░░░░░░░]  56.0%  ETA: 11.7min
[12:20:34]   [Train] loss=1.0378  IoU=0.2443
[12:20:50]   [Val] epoch=3  loss=1.0088  IoU=0.2580  RMSE=0.2533  MAE=0.2090
[12:20:50]   LR → 6.98e-05
[12:20:51] 
========================================
[12:20:51]   Epoch 4/5
[12:20:51] ========================================
[12:22:59]   Epoch 4 | step 50/125 | loss=1.0562 | 128.4s
    Epoch   [████████░░░░░░░░░░░░]  40.0%  ETA: 3.2min
    Overall [█████████████░░░░░░░]  68.0%  ETA: 8.6min
[12:25:06]   Epoch 4 | step 100/125 | loss=0.9302 | 255.5s
    Epoch   [████████████████░░░░]  80.0%  ETA: 1.1min
    Overall [███████████████░░░░░]  76.0%  ETA: 6.4min
[12:26:10]   [Train] loss=1.0147  IoU=0.2546
[12:26:26]   [Val] epoch=4  loss=0.9941  IoU=0.2658  RMSE=0.2583  MAE=0.2101
[12:26:26]   LR → 2.00e-05
[12:26:27] 
========================================
[12:26:27]   Epoch 5/5
[12:26:27] ========================================
[12:28:35]   Epoch 5 | step 50/125 | loss=0.9447 | 127.6s
    Epoch   [████████░░░░░░░░░░░░]  40.0%  ETA: 3.2min
    Overall [█████████████████░░░]  88.0%  ETA: 3.2min
[12:30:42]   Epoch 5 | step 100/125 | loss=1.0101 | 255.0s
    Epoch   [████████████████░░░░]  80.0%  ETA: 1.1min
    Overall [███████████████████░]  96.0%  ETA: 1.1min
[12:31:46]   [Train] loss=0.9851  IoU=0.2689
[12:32:02]   [Val] epoch=5  loss=0.9840  IoU=0.2701  RMSE=0.2409  MAE=0.1957
[12:32:02]   LR → 1.00e-06
[12:32:03] 
[5/5] Saving results ...
[12:32:03]   Saved metrics → /tmp/SPATIAL-LLAVA/results/main/metrics.json
[12:32:03]   Saved predictions → /tmp/SPATIAL-LLAVA/results/main/predictions.json
[12:32:03]   Saved 0 example PNGs → /tmp/SPATIAL-LLAVA/results/main/examples
[12:32:03] 
✅ Step 2 complete!
[12:32:03]   Best val IoU  : 0.2701
[12:32:03]   Checkpoint    : /tmp/SPATIAL-LLAVA/checkpoints/main/best.pth
[12:32:03]   Results       : /tmp/SPATIAL-LLAVA/results/main
