[14:41:46] ============================================================
[14:41:46]   Step 2: Train SpatialLLaVA (LLaVA + LoRA + Head)
[14:41:46]   Config: {
  "epochs": 1,
  "batch_size": 32,
  "lr": 0.0002,
  "lora_rank": 16,
  "weight_decay": 0.0,
  "max_length": 600,
  "seed": 42,
  "use_lora": true,
  "model": "llava-hf/llava-1.5-7b-hf"
}
[14:41:46] ============================================================
[14:41:46] [1/5] Loading model ...
[14:41:46]   Using pre-loaded model, skipping load.
[14:41:46] [2/5] Loading data ...
[14:41:49] [3/5] Setting up optimizer ...
[14:41:49] [4/5] Training for 1 epochs ...
[14:41:49] 
========================================
[14:41:49]   Epoch 1/1
[14:41:49] ========================================
