[14:49:01] ============================================================
[14:49:01]   Step 2: Train SpatialLLaVA (LLaVA + LoRA + Head)
[14:49:01]   Config: {
  "epochs": 1,
  "batch_size": 16,
  "lr": 0.0002,
  "lora_rank": 16,
  "weight_decay": 0.0,
  "max_length": 600,
  "seed": 42,
  "use_lora": true,
  "model": "llava-hf/llava-1.5-7b-hf"
}
[14:49:01] ============================================================
[14:49:01] [1/5] Loading model ...
[14:49:01]   Using pre-loaded model, skipping load.
[14:49:01] [2/5] Loading data ...
[14:49:05] [3/5] Setting up optimizer ...
[14:49:05] [4/5] Training for 1 epochs ...
[14:49:05] 
========================================
[14:49:05]   Epoch 1/1
[14:49:05] ========================================
[14:49:24]   [Train] loss=1.6088  IoU=0.0547
[14:49:27]   [Val] epoch=1  loss=1.4181  IoU=0.0982  RMSE=0.4567  MAE=0.3899
[14:49:27]   LR → 1.00e-06
[14:49:28] 
[5/5] Saving results ...
[14:49:28]   Saved metrics → /tmp/SPATIAL-LLAVA/results/main/metrics.json
[14:49:28]   Saved predictions → /tmp/SPATIAL-LLAVA/results/main/predictions.json
[14:49:28]   Saved 0 example PNGs → /tmp/SPATIAL-LLAVA/results/main/examples
[14:49:28] 
✅ Step 2 complete!
[14:49:28]   Best val IoU  : 0.0982
[14:49:28]   Checkpoint    : /tmp/SPATIAL-LLAVA/checkpoints/main/best.pth
[14:49:28]   Results       : /tmp/SPATIAL-LLAVA/results/main
