[01:37:50] ============================================================
[01:37:50]   Step 3: Ablation — frozen backbone + head only
[01:37:50]   Config: {
  "epochs": 10,
  "batch_size": 8,
  "lr": 0.0002,
  "weight_decay": 0.0,
  "max_length": 600,
  "seed": 42,
  "use_lora": false,
  "model": "llava-hf/llava-1.5-7b-hf"
}
[01:37:50] ============================================================
[01:37:50] [1/5] Loading model ...
[01:37:50]   Using pre-loaded model, skipping load.
[01:37:50]   Trainable params: 2,230,020 (should be ~2.2M head only)
[01:37:50] [2/5] Loading data ...
[01:37:53] [3/5] Setting up optimizer ...
[01:37:53] [4/5] Training for 10 epochs ...
[01:37:53] 
========================================
[01:37:53]   Epoch 1/10
[01:37:53] ========================================
[01:39:18]   Epoch 1 | step 200/2500 | loss=1.3451 | 84.7s
    Epoch   [█░░░░░░░░░░░░░░░░░░░]   8.0%  ETA: 16.2min
    Overall [░░░░░░░░░░░░░░░░░░░░]   0.8%  ETA: 175.0min
[01:40:41]   Epoch 1 | step 400/2500 | loss=1.0863 | 167.7s
    Epoch   [███░░░░░░░░░░░░░░░░░]  16.0%  ETA: 14.7min
    Overall [░░░░░░░░░░░░░░░░░░░░]   1.6%  ETA: 171.9min
[01:42:04]   Epoch 1 | step 600/2500 | loss=1.0897 | 251.0s
    Epoch   [████░░░░░░░░░░░░░░░░]  24.0%  ETA: 13.2min
    Overall [░░░░░░░░░░░░░░░░░░░░]   2.4%  ETA: 170.1min
[01:43:27]   Epoch 1 | step 800/2500 | loss=1.1008 | 334.3s
    Epoch   [██████░░░░░░░░░░░░░░]  32.0%  ETA: 11.8min
    Overall [░░░░░░░░░░░░░░░░░░░░]   3.2%  ETA: 168.6min
[01:44:51]   Epoch 1 | step 1000/2500 | loss=1.0707 | 417.8s
    Epoch   [████████░░░░░░░░░░░░]  40.0%  ETA: 10.4min
    Overall [░░░░░░░░░░░░░░░░░░░░]   4.0%  ETA: 167.1min
[01:46:15]   Epoch 1 | step 1200/2500 | loss=1.0036 | 501.5s
    Epoch   [█████████░░░░░░░░░░░]  48.0%  ETA: 9.1min
    Overall [░░░░░░░░░░░░░░░░░░░░]   4.8%  ETA: 165.8min
[01:47:38]   Epoch 1 | step 1400/2500 | loss=1.2898 | 585.3s
    Epoch   [███████████░░░░░░░░░]  56.0%  ETA: 7.7min
    Overall [█░░░░░░░░░░░░░░░░░░░]   5.6%  ETA: 164.4min
[01:49:02]   Epoch 1 | step 1600/2500 | loss=1.1019 | 669.3s
    Epoch   [████████████░░░░░░░░]  64.0%  ETA: 6.3min
    Overall [█░░░░░░░░░░░░░░░░░░░]   6.4%  ETA: 163.1min
[01:50:26]   Epoch 1 | step 1800/2500 | loss=1.1197 | 753.2s
    Epoch   [██████████████░░░░░░]  72.0%  ETA: 4.9min
    Overall [█░░░░░░░░░░░░░░░░░░░]   7.2%  ETA: 161.8min
[01:51:50]   Epoch 1 | step 2000/2500 | loss=0.9644 | 837.1s
    Epoch   [████████████████░░░░]  80.0%  ETA: 3.5min
    Overall [█░░░░░░░░░░░░░░░░░░░]   8.0%  ETA: 160.4min
[01:53:14]   Epoch 1 | step 2200/2500 | loss=1.1833 | 921.1s
    Epoch   [█████████████████░░░]  88.0%  ETA: 2.1min
    Overall [█░░░░░░░░░░░░░░░░░░░]   8.8%  ETA: 159.1min
[01:54:38]   Epoch 1 | step 2400/2500 | loss=1.1545 | 1005.1s
    Epoch   [███████████████████░]  96.0%  ETA: 0.7min
    Overall [█░░░░░░░░░░░░░░░░░░░]   9.6%  ETA: 157.7min
[01:55:21]   [Train] loss=1.1129  IoU=0.2160
[01:56:14]   [Val] epoch=1  loss=1.0452  IoU=0.2416  RMSE=0.2600  MAE=0.2157
[01:56:14]   LR → 1.95e-04
[01:56:14] 
========================================
[01:56:14]   Epoch 2/10
[01:56:14] ========================================
[01:57:39]   Epoch 2 | step 200/2500 | loss=1.0134 | 84.3s
    Epoch   [█░░░░░░░░░░░░░░░░░░░]   8.0%  ETA: 16.2min
    Overall [██░░░░░░░░░░░░░░░░░░]  10.8%  ETA: 156.6min
[01:59:03]   Epoch 2 | step 400/2500 | loss=0.9526 | 168.3s
    Epoch   [███░░░░░░░░░░░░░░░░░]  16.0%  ETA: 14.7min
    Overall [██░░░░░░░░░░░░░░░░░░]  11.6%  ETA: 155.0min
[02:00:27]   Epoch 2 | step 600/2500 | loss=0.9719 | 252.3s
    Epoch   [████░░░░░░░░░░░░░░░░]  24.0%  ETA: 13.3min
    Overall [██░░░░░░░░░░░░░░░░░░]  12.4%  ETA: 153.5min
[02:01:51]   Epoch 2 | step 800/2500 | loss=1.0204 | 336.3s
    Epoch   [██████░░░░░░░░░░░░░░]  32.0%  ETA: 11.9min
    Overall [██░░░░░░░░░░░░░░░░░░]  13.2%  ETA: 152.0min
[02:03:15]   Epoch 2 | step 1000/2500 | loss=1.1383 | 420.3s
    Epoch   [████████░░░░░░░░░░░░]  40.0%  ETA: 10.5min
    Overall [██░░░░░░░░░░░░░░░░░░]  14.0%  ETA: 150.6min
[02:04:39]   Epoch 2 | step 1200/2500 | loss=1.1583 | 504.3s
    Epoch   [█████████░░░░░░░░░░░]  48.0%  ETA: 9.1min
    Overall [██░░░░░░░░░░░░░░░░░░]  14.8%  ETA: 149.2min
[02:06:03]   Epoch 2 | step 1400/2500 | loss=0.9915 | 588.3s
    Epoch   [███████████░░░░░░░░░]  56.0%  ETA: 7.7min
    Overall [███░░░░░░░░░░░░░░░░░]  15.6%  ETA: 147.8min
[02:07:27]   Epoch 2 | step 1600/2500 | loss=0.9172 | 672.3s
    Epoch   [████████████░░░░░░░░]  64.0%  ETA: 6.3min
    Overall [███░░░░░░░░░░░░░░░░░]  16.4%  ETA: 146.4min
[02:08:51]   Epoch 2 | step 1800/2500 | loss=1.0385 | 756.4s
    Epoch   [██████████████░░░░░░]  72.0%  ETA: 4.9min
    Overall [███░░░░░░░░░░░░░░░░░]  17.2%  ETA: 145.0min
[02:10:15]   Epoch 2 | step 2000/2500 | loss=0.9059 | 840.4s
    Epoch   [████████████████░░░░]  80.0%  ETA: 3.5min
    Overall [███░░░░░░░░░░░░░░░░░]  18.0%  ETA: 143.6min
[02:11:39]   Epoch 2 | step 2200/2500 | loss=0.8787 | 924.5s
    Epoch   [█████████████████░░░]  88.0%  ETA: 2.1min
    Overall [███░░░░░░░░░░░░░░░░░]  18.8%  ETA: 142.2min
[02:13:03]   Epoch 2 | step 2400/2500 | loss=0.8998 | 1008.6s
    Epoch   [███████████████████░]  96.0%  ETA: 0.7min
    Overall [███░░░░░░░░░░░░░░░░░]  19.6%  ETA: 140.8min
[02:13:45]   [Train] loss=1.0474  IoU=0.2403
[02:14:38]   [Val] epoch=2  loss=1.0356  IoU=0.2475  RMSE=0.2634  MAE=0.2182
[02:14:38]   LR → 1.81e-04
[02:14:38] 
========================================
[02:14:38]   Epoch 3/10
[02:14:38] ========================================
[02:16:02]   Epoch 3 | step 200/2500 | loss=0.9642 | 84.3s
    Epoch   [█░░░░░░░░░░░░░░░░░░░]   8.0%  ETA: 16.2min
    Overall [████░░░░░░░░░░░░░░░░]  20.8%  ETA: 139.2min
[02:17:26]   Epoch 3 | step 400/2500 | loss=0.9105 | 168.3s
    Epoch   [███░░░░░░░░░░░░░░░░░]  16.0%  ETA: 14.7min
    Overall [████░░░░░░░░░░░░░░░░]  21.6%  ETA: 137.5min
[02:18:50]   Epoch 3 | step 600/2500 | loss=0.9790 | 252.3s
    Epoch   [████░░░░░░░░░░░░░░░░]  24.0%  ETA: 13.3min
    Overall [████░░░░░░░░░░░░░░░░]  22.4%  ETA: 135.9min
[02:20:14]   Epoch 3 | step 800/2500 | loss=1.1137 | 336.3s
    Epoch   [██████░░░░░░░░░░░░░░]  32.0%  ETA: 11.9min
    Overall [████░░░░░░░░░░░░░░░░]  23.2%  ETA: 134.5min
[02:21:38]   Epoch 3 | step 1000/2500 | loss=0.8827 | 420.3s
    Epoch   [████████░░░░░░░░░░░░]  40.0%  ETA: 10.5min
    Overall [████░░░░░░░░░░░░░░░░]  24.0%  ETA: 133.1min
[02:23:02]   Epoch 3 | step 1200/2500 | loss=1.0552 | 504.3s
    Epoch   [█████████░░░░░░░░░░░]  48.0%  ETA: 9.1min
    Overall [████░░░░░░░░░░░░░░░░]  24.8%  ETA: 131.7min
[02:24:26]   Epoch 3 | step 1400/2500 | loss=0.8147 | 588.3s
    Epoch   [███████████░░░░░░░░░]  56.0%  ETA: 7.7min
    Overall [█████░░░░░░░░░░░░░░░]  25.6%  ETA: 130.3min
[02:25:50]   Epoch 3 | step 1600/2500 | loss=0.8935 | 672.3s
    Epoch   [████████████░░░░░░░░]  64.0%  ETA: 6.3min
    Overall [█████░░░░░░░░░░░░░░░]  26.4%  ETA: 128.9min
[02:27:14]   Epoch 3 | step 1800/2500 | loss=1.1662 | 756.4s
    Epoch   [██████████████░░░░░░]  72.0%  ETA: 4.9min
    Overall [█████░░░░░░░░░░░░░░░]  27.2%  ETA: 127.5min
[02:28:39]   Epoch 3 | step 2000/2500 | loss=1.0261 | 840.4s
    Epoch   [████████████████░░░░]  80.0%  ETA: 3.5min
    Overall [█████░░░░░░░░░░░░░░░]  28.0%  ETA: 126.1min
[02:30:03]   Epoch 3 | step 2200/2500 | loss=0.9061 | 924.4s
    Epoch   [█████████████████░░░]  88.0%  ETA: 2.1min
    Overall [█████░░░░░░░░░░░░░░░]  28.8%  ETA: 124.7min
[02:31:27]   Epoch 3 | step 2400/2500 | loss=1.1692 | 1008.5s
    Epoch   [███████████████████░]  96.0%  ETA: 0.7min
    Overall [█████░░░░░░░░░░░░░░░]  29.6%  ETA: 123.3min
[02:32:09]   [Train] loss=1.0303  IoU=0.2489
[02:33:02]   [Val] epoch=3  loss=1.0275  IoU=0.2511  RMSE=0.2524  MAE=0.2085
[02:33:02]   LR → 1.59e-04
[02:33:02] 
========================================
[02:33:02]   Epoch 4/10
[02:33:02] ========================================
[02:34:26]   Epoch 4 | step 200/2500 | loss=0.9525 | 84.3s
    Epoch   [█░░░░░░░░░░░░░░░░░░░]   8.0%  ETA: 16.2min
    Overall [██████░░░░░░░░░░░░░░]  30.8%  ETA: 121.6min
[02:35:50]   Epoch 4 | step 400/2500 | loss=1.1979 | 168.4s
    Epoch   [███░░░░░░░░░░░░░░░░░]  16.0%  ETA: 14.7min
    Overall [██████░░░░░░░░░░░░░░]  31.6%  ETA: 120.0min
[02:37:14]   Epoch 4 | step 600/2500 | loss=0.8263 | 252.4s
    Epoch   [████░░░░░░░░░░░░░░░░]  24.0%  ETA: 13.3min
    Overall [██████░░░░░░░░░░░░░░]  32.4%  ETA: 118.5min
[02:38:39]   Epoch 4 | step 800/2500 | loss=1.0793 | 336.5s
    Epoch   [██████░░░░░░░░░░░░░░]  32.0%  ETA: 11.9min
    Overall [██████░░░░░░░░░░░░░░]  33.2%  ETA: 117.1min
[02:40:03]   Epoch 4 | step 1000/2500 | loss=1.3394 | 420.6s
    Epoch   [████████░░░░░░░░░░░░]  40.0%  ETA: 10.5min
    Overall [██████░░░░░░░░░░░░░░]  34.0%  ETA: 115.7min
[02:41:27]   Epoch 4 | step 1200/2500 | loss=0.9016 | 504.6s
    Epoch   [█████████░░░░░░░░░░░]  48.0%  ETA: 9.1min
    Overall [██████░░░░░░░░░░░░░░]  34.8%  ETA: 114.2min
[02:42:51]   Epoch 4 | step 1400/2500 | loss=1.1523 | 588.6s
    Epoch   [███████████░░░░░░░░░]  56.0%  ETA: 7.7min
    Overall [███████░░░░░░░░░░░░░]  35.6%  ETA: 112.8min
[02:44:15]   Epoch 4 | step 1600/2500 | loss=1.0138 | 672.7s
    Epoch   [████████████░░░░░░░░]  64.0%  ETA: 6.3min
    Overall [███████░░░░░░░░░░░░░]  36.4%  ETA: 111.4min
[02:45:39]   Epoch 4 | step 1800/2500 | loss=0.9621 | 756.8s
    Epoch   [██████████████░░░░░░]  72.0%  ETA: 4.9min
    Overall [███████░░░░░░░░░░░░░]  37.2%  ETA: 110.0min
[02:47:03]   Epoch 4 | step 2000/2500 | loss=0.8463 | 840.8s
    Epoch   [████████████████░░░░]  80.0%  ETA: 3.5min
    Overall [███████░░░░░░░░░░░░░]  38.0%  ETA: 108.6min
[02:48:27]   Epoch 4 | step 2200/2500 | loss=1.1023 | 924.9s
    Epoch   [█████████████████░░░]  88.0%  ETA: 2.1min
    Overall [███████░░░░░░░░░░░░░]  38.8%  ETA: 107.2min
[02:49:51]   Epoch 4 | step 2400/2500 | loss=1.1557 | 1008.9s
    Epoch   [███████████████████░]  96.0%  ETA: 0.7min
    Overall [███████░░░░░░░░░░░░░]  39.6%  ETA: 105.8min
[02:50:33]   [Train] loss=1.0156  IoU=0.2564
[02:51:26]   [Val] epoch=4  loss=1.0204  IoU=0.2555  RMSE=0.2440  MAE=0.2004
[02:51:26]   LR → 1.31e-04
[02:51:26] 
========================================
[02:51:26]   Epoch 5/10
[02:51:26] ========================================
[02:52:51]   Epoch 5 | step 200/2500 | loss=0.9877 | 84.3s
    Epoch   [█░░░░░░░░░░░░░░░░░░░]   8.0%  ETA: 16.2min
    Overall [████████░░░░░░░░░░░░]  40.8%  ETA: 104.0min
[02:54:15]   Epoch 5 | step 400/2500 | loss=1.1415 | 168.4s
    Epoch   [███░░░░░░░░░░░░░░░░░]  16.0%  ETA: 14.7min
    Overall [████████░░░░░░░░░░░░]  41.6%  ETA: 102.4min
[02:55:39]   Epoch 5 | step 600/2500 | loss=0.9878 | 252.4s
    Epoch   [████░░░░░░░░░░░░░░░░]  24.0%  ETA: 13.3min
    Overall [████████░░░░░░░░░░░░]  42.4%  ETA: 101.0min
[02:57:03]   Epoch 5 | step 800/2500 | loss=0.8930 | 336.4s
    Epoch   [██████░░░░░░░░░░░░░░]  32.0%  ETA: 11.9min
    Overall [████████░░░░░░░░░░░░]  43.2%  ETA: 99.5min
[02:58:27]   Epoch 5 | step 1000/2500 | loss=0.9225 | 420.5s
    Epoch   [████████░░░░░░░░░░░░]  40.0%  ETA: 10.5min
    Overall [████████░░░░░░░░░░░░]  44.0%  ETA: 98.1min
[02:59:51]   Epoch 5 | step 1200/2500 | loss=1.0094 | 504.5s
    Epoch   [█████████░░░░░░░░░░░]  48.0%  ETA: 9.1min
    Overall [████████░░░░░░░░░░░░]  44.8%  ETA: 96.7min
[03:01:15]   Epoch 5 | step 1400/2500 | loss=0.9531 | 588.5s
    Epoch   [███████████░░░░░░░░░]  56.0%  ETA: 7.7min
    Overall [█████████░░░░░░░░░░░]  45.6%  ETA: 95.3min
[03:02:39]   Epoch 5 | step 1600/2500 | loss=0.9522 | 672.5s
    Epoch   [████████████░░░░░░░░]  64.0%  ETA: 6.3min
    Overall [█████████░░░░░░░░░░░]  46.4%  ETA: 93.9min
[03:04:03]   Epoch 5 | step 1800/2500 | loss=1.1765 | 756.5s
    Epoch   [██████████████░░░░░░]  72.0%  ETA: 4.9min
    Overall [█████████░░░░░░░░░░░]  47.2%  ETA: 92.5min
[03:05:27]   Epoch 5 | step 2000/2500 | loss=1.0569 | 840.6s
    Epoch   [████████████████░░░░]  80.0%  ETA: 3.5min
    Overall [█████████░░░░░░░░░░░]  48.0%  ETA: 91.1min
[03:06:51]   Epoch 5 | step 2200/2500 | loss=0.9443 | 924.6s
    Epoch   [█████████████████░░░]  88.0%  ETA: 2.1min
    Overall [█████████░░░░░░░░░░░]  48.8%  ETA: 89.7min
[03:08:15]   Epoch 5 | step 2400/2500 | loss=0.9972 | 1008.7s
    Epoch   [███████████████████░]  96.0%  ETA: 0.7min
    Overall [█████████░░░░░░░░░░░]  49.6%  ETA: 88.3min
[03:08:57]   [Train] loss=1.0035  IoU=0.2633
[03:09:50]   [Val] epoch=5  loss=1.0076  IoU=0.2631  RMSE=0.2401  MAE=0.1957
[03:09:50]   LR → 1.01e-04
[03:09:50] 
========================================
[03:09:50]   Epoch 6/10
[03:09:50] ========================================
[03:11:14]   Epoch 6 | step 200/2500 | loss=0.7570 | 84.2s
    Epoch   [█░░░░░░░░░░░░░░░░░░░]   8.0%  ETA: 16.1min
    Overall [██████████░░░░░░░░░░]  50.8%  ETA: 86.3min
[03:12:38]   Epoch 6 | step 400/2500 | loss=0.9977 | 168.0s
    Epoch   [███░░░░░░░░░░░░░░░░░]  16.0%  ETA: 14.7min
    Overall [██████████░░░░░░░░░░]  51.6%  ETA: 84.7min
[03:14:02]   Epoch 6 | step 600/2500 | loss=0.9098 | 252.0s
    Epoch   [████░░░░░░░░░░░░░░░░]  24.0%  ETA: 13.3min
    Overall [██████████░░░░░░░░░░]  52.4%  ETA: 83.3min
[03:15:26]   Epoch 6 | step 800/2500 | loss=1.2391 | 335.9s
    Epoch   [██████░░░░░░░░░░░░░░]  32.0%  ETA: 11.9min
    Overall [██████████░░░░░░░░░░]  53.2%  ETA: 81.9min
[03:16:50]   Epoch 6 | step 1000/2500 | loss=0.9745 | 419.9s
    Epoch   [████████░░░░░░░░░░░░]  40.0%  ETA: 10.5min
    Overall [██████████░░░░░░░░░░]  54.0%  ETA: 80.5min
[03:18:14]   Epoch 6 | step 1200/2500 | loss=1.0338 | 503.8s
    Epoch   [█████████░░░░░░░░░░░]  48.0%  ETA: 9.1min
    Overall [██████████░░░░░░░░░░]  54.8%  ETA: 79.1min
[03:19:38]   Epoch 6 | step 1400/2500 | loss=0.9851 | 587.8s
    Epoch   [███████████░░░░░░░░░]  56.0%  ETA: 7.7min
    Overall [███████████░░░░░░░░░]  55.6%  ETA: 77.7min
[03:21:02]   Epoch 6 | step 1600/2500 | loss=0.9567 | 671.9s
    Epoch   [████████████░░░░░░░░]  64.0%  ETA: 6.3min
    Overall [███████████░░░░░░░░░]  56.4%  ETA: 76.3min
[03:22:26]   Epoch 6 | step 1800/2500 | loss=1.0422 | 755.9s
    Epoch   [██████████████░░░░░░]  72.0%  ETA: 4.9min
    Overall [███████████░░░░░░░░░]  57.2%  ETA: 74.9min
[03:23:50]   Epoch 6 | step 2000/2500 | loss=1.1446 | 840.0s
    Epoch   [████████████████░░░░]  80.0%  ETA: 3.5min
    Overall [███████████░░░░░░░░░]  58.0%  ETA: 73.5min
[03:25:14]   Epoch 6 | step 2200/2500 | loss=1.0286 | 924.0s
    Epoch   [█████████████████░░░]  88.0%  ETA: 2.1min
    Overall [███████████░░░░░░░░░]  58.8%  ETA: 72.1min
[03:26:38]   Epoch 6 | step 2400/2500 | loss=1.0017 | 1008.0s
    Epoch   [███████████████████░]  96.0%  ETA: 0.7min
    Overall [███████████░░░░░░░░░]  59.6%  ETA: 70.7min
[03:27:21]   [Train] loss=0.9913  IoU=0.2703
[03:28:14]   [Val] epoch=6  loss=1.0080  IoU=0.2631  RMSE=0.2357  MAE=0.1921
[03:28:14]   LR → 6.98e-05
[03:28:14] 
========================================
[03:28:14]   Epoch 7/10
[03:28:14] ========================================
[03:29:38]   Epoch 7 | step 200/2500 | loss=1.1444 | 84.3s
    Epoch   [█░░░░░░░░░░░░░░░░░░░]   8.0%  ETA: 16.2min
    Overall [████████████░░░░░░░░]  60.8%  ETA: 68.9min
[03:31:02]   Epoch 7 | step 400/2500 | loss=1.0632 | 168.4s
    Epoch   [███░░░░░░░░░░░░░░░░░]  16.0%  ETA: 14.7min
    Overall [████████████░░░░░░░░]  61.6%  ETA: 67.4min
[03:32:26]   Epoch 7 | step 600/2500 | loss=1.1037 | 252.4s
    Epoch   [████░░░░░░░░░░░░░░░░]  24.0%  ETA: 13.3min
    Overall [████████████░░░░░░░░]  62.4%  ETA: 65.9min
[03:33:50]   Epoch 7 | step 800/2500 | loss=1.1076 | 336.5s
    Epoch   [██████░░░░░░░░░░░░░░]  32.0%  ETA: 11.9min
    Overall [████████████░░░░░░░░]  63.2%  ETA: 64.5min
[03:35:14]   Epoch 7 | step 1000/2500 | loss=1.0457 | 420.5s
    Epoch   [████████░░░░░░░░░░░░]  40.0%  ETA: 10.5min
    Overall [████████████░░░░░░░░]  64.0%  ETA: 63.1min
[03:36:38]   Epoch 7 | step 1200/2500 | loss=1.0979 | 504.5s
    Epoch   [█████████░░░░░░░░░░░]  48.0%  ETA: 9.1min
    Overall [████████████░░░░░░░░]  64.8%  ETA: 61.7min
[03:38:02]   Epoch 7 | step 1400/2500 | loss=1.0245 | 588.5s
    Epoch   [███████████░░░░░░░░░]  56.0%  ETA: 7.7min
    Overall [█████████████░░░░░░░]  65.6%  ETA: 60.3min
[03:39:27]   Epoch 7 | step 1600/2500 | loss=0.9174 | 672.9s
    Epoch   [████████████░░░░░░░░]  64.0%  ETA: 6.3min
    Overall [█████████████░░░░░░░]  66.4%  ETA: 58.9min
[03:40:51]   Epoch 7 | step 1800/2500 | loss=0.9770 | 756.9s
    Epoch   [██████████████░░░░░░]  72.0%  ETA: 4.9min
    Overall [█████████████░░░░░░░]  67.2%  ETA: 57.5min
[03:42:15]   Epoch 7 | step 2000/2500 | loss=1.1196 | 841.0s
    Epoch   [████████████████░░░░]  80.0%  ETA: 3.5min
    Overall [█████████████░░░░░░░]  68.0%  ETA: 56.1min
[03:43:39]   Epoch 7 | step 2200/2500 | loss=1.1409 | 925.0s
    Epoch   [█████████████████░░░]  88.0%  ETA: 2.1min
    Overall [█████████████░░░░░░░]  68.8%  ETA: 54.7min
[03:45:03]   Epoch 7 | step 2400/2500 | loss=1.1674 | 1009.2s
    Epoch   [███████████████████░]  96.0%  ETA: 0.7min
    Overall [█████████████░░░░░░░]  69.6%  ETA: 53.3min
[03:45:45]   [Train] loss=0.9803  IoU=0.2766
[03:46:38]   [Val] epoch=7  loss=1.0025  IoU=0.2667  RMSE=0.2372  MAE=0.1933
[03:46:38]   LR → 4.20e-05
[03:46:38] 
========================================
[03:46:38]   Epoch 8/10
[03:46:38] ========================================
[03:48:03]   Epoch 8 | step 200/2500 | loss=1.0912 | 84.1s
    Epoch   [█░░░░░░░░░░░░░░░░░░░]   8.0%  ETA: 16.1min
    Overall [██████████████░░░░░░]  70.8%  ETA: 51.2min
[03:49:26]   Epoch 8 | step 400/2500 | loss=0.8876 | 168.0s
    Epoch   [███░░░░░░░░░░░░░░░░░]  16.0%  ETA: 14.7min
    Overall [██████████████░░░░░░]  71.6%  ETA: 49.7min
[03:50:50]   Epoch 8 | step 600/2500 | loss=1.0693 | 251.9s
    Epoch   [████░░░░░░░░░░░░░░░░]  24.0%  ETA: 13.3min
    Overall [██████████████░░░░░░]  72.4%  ETA: 48.3min
[03:52:14]   Epoch 8 | step 800/2500 | loss=0.9450 | 335.8s
    Epoch   [██████░░░░░░░░░░░░░░]  32.0%  ETA: 11.9min
    Overall [██████████████░░░░░░]  73.2%  ETA: 46.9min
[03:53:38]   Epoch 8 | step 1000/2500 | loss=0.8572 | 419.7s
    Epoch   [████████░░░░░░░░░░░░]  40.0%  ETA: 10.5min
    Overall [██████████████░░░░░░]  74.0%  ETA: 45.5min
[03:55:02]   Epoch 8 | step 1200/2500 | loss=0.9358 | 503.6s
    Epoch   [█████████░░░░░░░░░░░]  48.0%  ETA: 9.1min
    Overall [██████████████░░░░░░]  74.8%  ETA: 44.1min
[03:56:26]   Epoch 8 | step 1400/2500 | loss=1.0094 | 587.6s
    Epoch   [███████████░░░░░░░░░]  56.0%  ETA: 7.7min
    Overall [███████████████░░░░░]  75.6%  ETA: 42.7min
[03:57:50]   Epoch 8 | step 1600/2500 | loss=0.8715 | 671.6s
    Epoch   [████████████░░░░░░░░]  64.0%  ETA: 6.3min
    Overall [███████████████░░░░░]  76.4%  ETA: 41.3min
[03:59:14]   Epoch 8 | step 1800/2500 | loss=0.8980 | 755.7s
    Epoch   [██████████████░░░░░░]  72.0%  ETA: 4.9min
    Overall [███████████████░░░░░]  77.2%  ETA: 39.9min
[04:00:38]   Epoch 8 | step 2000/2500 | loss=0.8090 | 839.8s
    Epoch   [████████████████░░░░]  80.0%  ETA: 3.5min
    Overall [███████████████░░░░░]  78.0%  ETA: 38.5min
[04:02:02]   Epoch 8 | step 2200/2500 | loss=0.8999 | 923.9s
    Epoch   [█████████████████░░░]  88.0%  ETA: 2.1min
    Overall [███████████████░░░░░]  78.8%  ETA: 37.1min
[04:03:26]   Epoch 8 | step 2400/2500 | loss=0.8249 | 1007.9s
    Epoch   [███████████████████░]  96.0%  ETA: 0.7min
    Overall [███████████████░░░░░]  79.6%  ETA: 35.7min
[04:04:09]   [Train] loss=0.9704  IoU=0.2823
[04:05:02]   [Val] epoch=8  loss=1.0031  IoU=0.2660  RMSE=0.2330  MAE=0.1895
[04:05:02]   LR → 2.00e-05
[04:05:02] 
========================================
[04:05:02]   Epoch 9/10
[04:05:02] ========================================
[04:06:26]   Epoch 9 | step 200/2500 | loss=1.1095 | 84.3s
    Epoch   [█░░░░░░░░░░░░░░░░░░░]   8.0%  ETA: 16.2min
    Overall [████████████████░░░░]  80.8%  ETA: 33.7min
[04:07:50]   Epoch 9 | step 400/2500 | loss=0.7979 | 168.4s
    Epoch   [███░░░░░░░░░░░░░░░░░]  16.0%  ETA: 14.7min
    Overall [████████████████░░░░]  81.6%  ETA: 32.3min
[04:09:14]   Epoch 9 | step 600/2500 | loss=0.9728 | 252.4s
    Epoch   [████░░░░░░░░░░░░░░░░]  24.0%  ETA: 13.3min
    Overall [████████████████░░░░]  82.4%  ETA: 30.9min
[04:10:38]   Epoch 9 | step 800/2500 | loss=1.1046 | 336.4s
    Epoch   [██████░░░░░░░░░░░░░░]  32.0%  ETA: 11.9min
    Overall [████████████████░░░░]  83.2%  ETA: 29.4min
[04:12:02]   Epoch 9 | step 1000/2500 | loss=0.9995 | 420.4s
    Epoch   [████████░░░░░░░░░░░░]  40.0%  ETA: 10.5min
    Overall [████████████████░░░░]  84.0%  ETA: 28.0min
[04:13:26]   Epoch 9 | step 1200/2500 | loss=0.8907 | 504.4s
    Epoch   [█████████░░░░░░░░░░░]  48.0%  ETA: 9.1min
    Overall [████████████████░░░░]  84.8%  ETA: 26.6min
[04:14:50]   Epoch 9 | step 1400/2500 | loss=0.8772 | 588.4s
    Epoch   [███████████░░░░░░░░░]  56.0%  ETA: 7.7min
    Overall [█████████████████░░░]  85.6%  ETA: 25.2min
[04:16:14]   Epoch 9 | step 1600/2500 | loss=1.0300 | 672.5s
    Epoch   [████████████░░░░░░░░]  64.0%  ETA: 6.3min
    Overall [█████████████████░░░]  86.4%  ETA: 23.8min
[04:17:38]   Epoch 9 | step 1800/2500 | loss=0.9916 | 756.6s
    Epoch   [██████████████░░░░░░]  72.0%  ETA: 4.9min
    Overall [█████████████████░░░]  87.2%  ETA: 22.4min
[04:19:02]   Epoch 9 | step 2000/2500 | loss=0.7908 | 840.7s
    Epoch   [████████████████░░░░]  80.0%  ETA: 3.5min
    Overall [█████████████████░░░]  88.0%  ETA: 21.0min
[04:20:26]   Epoch 9 | step 2200/2500 | loss=0.8574 | 924.8s
    Epoch   [█████████████████░░░]  88.0%  ETA: 2.1min
    Overall [█████████████████░░░]  88.8%  ETA: 19.6min
[04:21:51]   Epoch 9 | step 2400/2500 | loss=0.8974 | 1008.9s
    Epoch   [███████████████████░]  96.0%  ETA: 0.7min
    Overall [█████████████████░░░]  89.6%  ETA: 18.2min
[04:22:33]   [Train] loss=0.9639  IoU=0.2862
[04:23:26]   [Val] epoch=9  loss=1.0003  IoU=0.2671  RMSE=0.2310  MAE=0.1879
[04:23:26]   LR → 5.87e-06
[04:23:26] 
========================================
[04:23:26]   Epoch 10/10
[04:23:26] ========================================
[04:24:50]   Epoch 10 | step 200/2500 | loss=0.9540 | 84.4s
    Epoch   [█░░░░░░░░░░░░░░░░░░░]   8.0%  ETA: 16.2min
    Overall [██████████████████░░]  90.8%  ETA: 16.2min
[04:26:14]   Epoch 10 | step 400/2500 | loss=1.0436 | 168.5s
    Epoch   [███░░░░░░░░░░░░░░░░░]  16.0%  ETA: 14.7min
    Overall [██████████████████░░]  91.6%  ETA: 14.7min
[04:27:38]   Epoch 10 | step 600/2500 | loss=0.8351 | 252.6s
    Epoch   [████░░░░░░░░░░░░░░░░]  24.0%  ETA: 13.3min
    Overall [██████████████████░░]  92.4%  ETA: 13.3min
[04:29:03]   Epoch 10 | step 800/2500 | loss=0.9765 | 336.6s
    Epoch   [██████░░░░░░░░░░░░░░]  32.0%  ETA: 11.9min
    Overall [██████████████████░░]  93.2%  ETA: 11.9min
[04:30:27]   Epoch 10 | step 1000/2500 | loss=1.0633 | 420.7s
    Epoch   [████████░░░░░░░░░░░░]  40.0%  ETA: 10.5min
    Overall [██████████████████░░]  94.0%  ETA: 10.5min
[04:31:51]   Epoch 10 | step 1200/2500 | loss=0.9399 | 504.7s
    Epoch   [█████████░░░░░░░░░░░]  48.0%  ETA: 9.1min
    Overall [██████████████████░░]  94.8%  ETA: 9.1min
[04:33:15]   Epoch 10 | step 1400/2500 | loss=1.0960 | 588.7s
    Epoch   [███████████░░░░░░░░░]  56.0%  ETA: 7.7min
    Overall [███████████████████░]  95.6%  ETA: 7.7min
[04:34:39]   Epoch 10 | step 1600/2500 | loss=0.8459 | 672.8s
    Epoch   [████████████░░░░░░░░]  64.0%  ETA: 6.3min
    Overall [███████████████████░]  96.4%  ETA: 6.3min
[04:36:03]   Epoch 10 | step 1800/2500 | loss=0.7694 | 756.8s
    Epoch   [██████████████░░░░░░]  72.0%  ETA: 4.9min
    Overall [███████████████████░]  97.2%  ETA: 4.9min
[04:37:27]   Epoch 10 | step 2000/2500 | loss=0.8082 | 840.9s
    Epoch   [████████████████░░░░]  80.0%  ETA: 3.5min
    Overall [███████████████████░]  98.0%  ETA: 3.5min
[04:38:51]   Epoch 10 | step 2200/2500 | loss=0.9014 | 924.9s
    Epoch   [█████████████████░░░]  88.0%  ETA: 2.1min
    Overall [███████████████████░]  98.8%  ETA: 2.1min
[04:40:15]   Epoch 10 | step 2400/2500 | loss=0.9962 | 1009.0s
    Epoch   [███████████████████░]  96.0%  ETA: 0.7min
    Overall [███████████████████░]  99.6%  ETA: 0.7min
[04:40:57]   [Train] loss=0.9580  IoU=0.2898
[04:41:50]   [Val] epoch=10  loss=1.0000  IoU=0.2672  RMSE=0.2308  MAE=0.1879
[04:41:50]   LR → 1.00e-06
[04:41:50] 
[5/5] Saving results ...
[04:41:50]   Saved metrics → /tmp/SPATIAL-LLAVA/results/ablation/metrics.json
[04:41:50]   Saved predictions → /tmp/SPATIAL-LLAVA/results/ablation/predictions.json
[04:41:52]   Saved 20 example PNGs → /tmp/SPATIAL-LLAVA/results/ablation/examples
[04:41:52] 
✅ Step 3 complete!
[04:41:52]   Best val IoU  : 0.2672
[04:41:52]   Checkpoint    : /tmp/SPATIAL-LLAVA/checkpoints/ablation/best.pth
[04:41:52]   Results       : /tmp/SPATIAL-LLAVA/results/ablation
