[14:43:01] ============================================================
[14:43:01]   Step 2: Train SpatialLLaVA (LLaVA + LoRA + Head)
[14:43:01]   Config: {
  "epochs": 1,
  "batch_size": 16,
  "lr": 0.0002,
  "lora_rank": 16,
  "weight_decay": 0.0,
  "max_length": 600,
  "seed": 42,
  "use_lora": true,
  "model": "llava-hf/llava-1.5-7b-hf"
}
[14:43:01] ============================================================
[14:43:01] [1/5] Loading model ...
[14:43:01]   Using pre-loaded model, skipping load.
[14:43:01] [2/5] Loading data ...
[14:43:04] [3/5] Setting up optimizer ...
[14:43:04] [4/5] Training for 1 epochs ...
[14:43:04] 
========================================
[14:43:04]   Epoch 1/1
[14:43:04] ========================================
