[12:32:31] ============================================================
[12:32:31]   Step 2: Train SpatialLLaVA (LLaVA + LoRA + Head)
[12:32:31]   Config: {
  "epochs": 5,
  "batch_size": 16,
  "lr": 5e-05,
  "lora_rank": 16,
  "weight_decay": 0.0,
  "max_length": 600,
  "seed": 42,
  "use_lora": true,
  "model": "llava-hf/llava-1.5-7b-hf"
}
[12:32:31] ============================================================
[12:32:31] [1/5] Loading model ...
[12:32:31]   Using pre-loaded model, skipping load.
[12:32:31] [2/5] Loading data ...
[12:32:34] [3/5] Setting up optimizer ...
[12:32:34] [4/5] Training for 5 epochs ...
[12:32:34] 
========================================
[12:32:34]   Epoch 1/5
[12:32:34] ========================================
[12:34:43]   Epoch 1 | step 50/125 | loss=1.2383 | 128.9s
    Epoch   [████████░░░░░░░░░░░░]  40.0%  ETA: 3.2min
    Overall [█░░░░░░░░░░░░░░░░░░░]   8.0%  ETA: 24.7min
[12:36:49]   Epoch 1 | step 100/125 | loss=1.0613 | 255.3s
    Epoch   [████████████████░░░░]  80.0%  ETA: 1.1min
    Overall [███░░░░░░░░░░░░░░░░░]  16.0%  ETA: 22.3min
[12:37:53]   [Train] loss=1.2838  IoU=0.1523
[12:38:09]   [Val] epoch=1  loss=1.0823  IoU=0.2317  RMSE=0.2747  MAE=0.2281
[12:38:09]   LR → 4.53e-05
[12:38:10] 
========================================
[12:38:10]   Epoch 2/5
[12:38:10] ========================================
[12:40:17]   Epoch 2 | step 50/125 | loss=1.0820 | 127.6s
    Epoch   [████████░░░░░░░░░░░░]  40.0%  ETA: 3.2min
    Overall [█████░░░░░░░░░░░░░░░]  28.0%  ETA: 19.1min
[12:42:24]   Epoch 2 | step 100/125 | loss=0.9978 | 254.7s
    Epoch   [████████████████░░░░]  80.0%  ETA: 1.1min
    Overall [███████░░░░░░░░░░░░░]  36.0%  ETA: 17.0min
[12:43:28]   [Train] loss=1.0624  IoU=0.2346
[12:43:45]   [Val] epoch=2  loss=1.0584  IoU=0.2384  RMSE=0.2424  MAE=0.2034
[12:43:45]   LR → 3.31e-05
[12:43:45] 
========================================
[12:43:45]   Epoch 3/5
[12:43:45] ========================================
[12:45:53]   Epoch 3 | step 50/125 | loss=1.1057 | 128.1s
    Epoch   [████████░░░░░░░░░░░░]  40.0%  ETA: 3.2min
    Overall [█████████░░░░░░░░░░░]  48.0%  ETA: 13.9min
[12:48:01]   Epoch 3 | step 100/125 | loss=1.1046 | 255.6s
    Epoch   [████████████████░░░░]  80.0%  ETA: 1.1min
    Overall [███████████░░░░░░░░░]  56.0%  ETA: 11.7min
[12:49:05]   [Train] loss=1.0239  IoU=0.2529
[12:49:21]   [Val] epoch=3  loss=1.0331  IoU=0.2514  RMSE=0.2564  MAE=0.2139
[12:49:21]   LR → 1.79e-05
[12:49:22] 
========================================
[12:49:22]   Epoch 4/5
[12:49:22] ========================================
[12:51:30]   Epoch 4 | step 50/125 | loss=0.9423 | 128.2s
    Epoch   [████████░░░░░░░░░░░░]  40.0%  ETA: 3.2min
    Overall [█████████████░░░░░░░]  68.0%  ETA: 8.5min
[12:53:38]   Epoch 4 | step 100/125 | loss=0.8952 | 255.8s
    Epoch   [████████████████░░░░]  80.0%  ETA: 1.1min
    Overall [███████████████░░░░░]  76.0%  ETA: 6.4min
[12:54:41]   [Train] loss=0.9887  IoU=0.2707
[12:54:58]   [Val] epoch=4  loss=1.0243  IoU=0.2555  RMSE=0.2462  MAE=0.2044
[12:54:58]   LR → 5.68e-06
[12:54:58] 
========================================
[12:54:58]   Epoch 5/5
[12:54:58] ========================================
[12:57:07]   Epoch 5 | step 50/125 | loss=0.9113 | 128.3s
    Epoch   [████████░░░░░░░░░░░░]  40.0%  ETA: 3.2min
    Overall [█████████████████░░░]  88.0%  ETA: 3.2min
[12:59:15]   Epoch 5 | step 100/125 | loss=1.0201 | 256.1s
    Epoch   [████████████████░░░░]  80.0%  ETA: 1.1min
    Overall [███████████████████░]  96.0%  ETA: 1.1min
[13:00:18]   [Train] loss=0.9583  IoU=0.2897
[13:00:35]   [Val] epoch=5  loss=1.0171  IoU=0.2612  RMSE=0.2351  MAE=0.1951
[13:00:35]   LR → 1.00e-06
[13:00:35] 
[5/5] Saving results ...
[13:00:35]   Saved metrics → /tmp/SPATIAL-LLAVA/results/main/metrics.json
[13:00:35]   Saved predictions → /tmp/SPATIAL-LLAVA/results/main/predictions.json
[13:00:35]   Saved 0 example PNGs → /tmp/SPATIAL-LLAVA/results/main/examples
[13:00:35] 
✅ Step 2 complete!
[13:00:35]   Best val IoU  : 0.2612
[13:00:35]   Checkpoint    : /tmp/SPATIAL-LLAVA/checkpoints/main/best.pth
[13:00:35]   Results       : /tmp/SPATIAL-LLAVA/results/main
