[07:35:01] ============================================================
[07:35:01]   Step 3: Ablation — frozen backbone + head only
[07:35:01]   Config: {
  "epochs": 3,
  "batch_size": 8,
  "lr": 0.0002,
  "weight_decay": 0.01,
  "max_length": 600,
  "seed": 42,
  "use_lora": false,
  "model": "llava-hf/llava-1.5-7b-hf"
}
[07:35:01] ============================================================
[07:35:01] [1/5] Loading model ...
[07:35:01]   Using pre-loaded model, skipping load.
[07:35:01]   Trainable params: 2,230,020 (should be ~2.2M head only)
[07:35:01] [2/5] Loading data ...
[07:35:04] [3/5] Setting up optimizer ...
[07:35:04] [4/5] Training for 3 epochs ...
[07:35:04] 
========================================
[07:35:04]   Epoch 1/3
[07:35:04] ========================================
[07:39:11]   Epoch 1 | step 200/5300 | loss=0.9666 | 247.0s
[07:43:18]   Epoch 1 | step 400/5300 | loss=0.8954 | 494.4s
[07:47:27]   Epoch 1 | step 600/5300 | loss=0.7129 | 742.8s
[07:51:36]   Epoch 1 | step 800/5300 | loss=0.9040 | 991.6s
[07:55:45]   Epoch 1 | step 1000/5300 | loss=0.7914 | 1240.8s
[07:59:54]   Epoch 1 | step 1200/5300 | loss=0.8009 | 1490.0s
[08:04:04]   Epoch 1 | step 1400/5300 | loss=0.9039 | 1739.9s
[08:08:13]   Epoch 1 | step 1600/5300 | loss=0.6386 | 1989.3s
[08:12:24]   Epoch 1 | step 1800/5300 | loss=0.8590 | 2239.5s
[08:16:33]   Epoch 1 | step 2000/5300 | loss=0.6572 | 2489.2s
[08:20:42]   Epoch 1 | step 2200/5300 | loss=0.6733 | 2738.4s
