[15:27:04] ============================================================
[15:27:04]   Step 2: Train SpatialLLaVA (LLaVA + LoRA + Head)
[15:27:04]   Config: {
  "epochs": 1,
  "batch_size": 8,
  "lr": 0.0002,
  "lora_rank": 16,
  "weight_decay": 0.0,
  "max_length": 600,
  "seed": 42,
  "use_lora": true,
  "model": "llava-hf/llava-1.5-7b-hf"
}
[15:27:04] ============================================================
[15:27:04] [1/5] Loading model ...
[15:27:04]   Using pre-loaded model, skipping load.
[15:27:04] [2/5] Loading data ...
[15:27:07] [3/5] Setting up optimizer ...
[15:27:07] [4/5] Training for 1 epochs ...
[15:27:07] 
========================================
[15:27:07]   Epoch 1/1
[15:27:07] ========================================
[15:27:19]   Epoch 1 | step 10/25 | loss=1.4874 | 11.7s
    Epoch   [████████░░░░░░░░░░░░]  40.0%  ETA: 0.3min
    Overall [████████░░░░░░░░░░░░]  40.0%  ETA: 0.3min
[15:27:28]   Epoch 1 | step 20/25 | loss=1.5453 | 21.0s
    Epoch   [████████████████░░░░]  80.0%  ETA: 0.1min
    Overall [████████████████░░░░]  80.0%  ETA: 0.1min
[15:27:33]   [Train] loss=1.4923  IoU=0.0919
[15:27:37]   [Val] epoch=1  loss=1.4221  IoU=0.1107  RMSE=0.4806  MAE=0.4201
[15:27:37]   LR → 1.00e-06
[15:27:37] 
[5/5] Saving results ...
[15:27:37]   Saved metrics → /tmp/SPATIAL-LLAVA/results/main/metrics.json
[15:27:37]   Saved predictions → /tmp/SPATIAL-LLAVA/results/main/predictions.json
[15:27:37]   Saved 0 example PNGs → /tmp/SPATIAL-LLAVA/results/main/examples
[15:27:37] 
✅ Step 2 complete!
[15:27:37]   Best val IoU  : 0.1107
[15:27:37]   Checkpoint    : /tmp/SPATIAL-LLAVA/checkpoints/main/best.pth
[15:27:37]   Results       : /tmp/SPATIAL-LLAVA/results/main
